18.5488 	WARNING 	Couldn't measure a consistent frame rate!
  - Is your graphics card set to sync to vertical blank?
  - Are you running other processes on your computer?

18.5494 	EXP 	Created window1 = Window(allowGUI=True, allowStencil=False, autoLog=True, backendConf=UNKNOWN, backgroundFit=<method-wrapper '__getattribute__' of attributeSetter object at 0x7fd060693c70>, backgroundImage=<method-wrapper '__getattribute__' of attributeSetter object at 0x7fd060693c10>, bitsMode=UNKNOWN, blendMode='avg', bpc=(8, 8, 8), color=array([0, 0, 0]), colorSpace='rgb', depthBits=8, fullscr=<method-wrapper '__getattribute__' of attributeSetter object at 0x7fd060693a60>, gamma=None, gammaErrorPolicy='raise', lms=UNKNOWN, monitor=<psychopy.monitors.calibTools.Monitor object at 0x7fd041a97220>, multiSample=False, name='window1', numSamples=2, pos=(360, 225), screen=0, size=array([2880, 1800]), stencilBits=0, stereo=False, title='PsychoPy', units='height', useFBO=True, useRetina=True, viewOri=0.0, viewPos=None, viewScale=None, waitBlanking=True, winType='pyglet')
18.5541 	EXP 	window1: mouseVisible = True
18.5542 	EXP 	window1: backgroundImage = ''
18.5542 	EXP 	window1: backgroundFit = 'none'
18.5565 	EXP 	window1: Attempting to measure frame rate of screen (0) ...
18.5565 	EXP 	window1: recordFrameIntervals = False
18.6471 	EXP 	window1: recordFrameIntervals = True
19.4995 	WARNING 	Couldn't measure a consistent frame rate!
  - Is your graphics card set to sync to vertical blank?
  - Are you running other processes on your computer?

19.5049 	EXP 	window1: mouseVisible = True
19.5479 	WARNING 	launchHubServer: If using the iohub mouse or eyetracker devices, fullScr should be True.
22.4621 	EXP 	preliminary_experiment: status = STARTED
22.4683 	EXP 	window1: mouseVisible = True
22.5318 	EXP 	Created text_norm = TextStim(__class__=<class 'psychopy.visual.text.TextStim'>, alignHoriz=method-wrapper(...), alignText='center', alignVert=method-wrapper(...), anchorHoriz='center', anchorVert='center', antialias=True, autoDraw=False, autoLog=True, bold=False, color=array([1., 1., 1.]), colorSpace='rgb', contrast=1.0, depth=0.0, draggable=False, flipHoriz=False, flipVert=False, font='Arial', fontFiles=[], height=0.1, italic=False, languageStyle='LTR', name='text_norm', opacity=1.0, ori=0.0, pos=array([0., 0.]), rgb=UNKNOWN, text=str(...), units='norm', win=Window(...), wrapWidth=1.8)
22.5373 	EXP 	window1: mouseVisible = True
22.5569 	EXP 	Created text_norm_2 = TextStim(__class__=<class 'psychopy.visual.text.TextStim'>, alignHoriz=method-wrapper(...), alignText='center', alignVert=method-wrapper(...), anchorHoriz='center', anchorVert='center', antialias=True, autoDraw=False, autoLog=True, bold=False, color=array([1., 1., 1.]), colorSpace='rgb', contrast=1.0, depth=0.0, draggable=False, flipHoriz=False, flipVert=False, font='Arial', fontFiles=[], height=0.1, italic=False, languageStyle='LTR', name='text_norm_2', opacity=1.0, ori=0.0, pos=array([0., 0.]), rgb=UNKNOWN, text=str(...), units='norm', win=Window(...), wrapWidth=1.8)
22.5638 	EXP 	window1: mouseVisible = True
22.5663 	EXP 	Created self_shape = Rect(__class__=<class 'psychopy.visual.rect.Rect'>, anchor=('center', 'center'), autoDraw=False, autoLog=True, closeShape=True, color=method-wrapper(...), colorSpace='rgb', contrast=None, depth=0.0, draggable=False, fillColor=array([1, 1, 1]), fillColorSpace='rgb', fillRGB=array([1, 1, 1]), interpolate=True, lineColor=array([1., 1., 1.]), lineColorSpace='rgb', lineRGB=array([1, 1, 1]), lineWidth=1.0, name='self_shape', opacity=1.0, ori=0.0, pos=array([-0.2,  0. ]), size=array([0.2, 0.2]), units='height', vertices=ndarray(...), win=Window(...))
22.5712 	EXP 	window1: mouseVisible = True
22.5734 	EXP 	Created other = Rect(__class__=<class 'psychopy.visual.rect.Rect'>, anchor=('center', 'center'), autoDraw=False, autoLog=True, closeShape=True, color=method-wrapper(...), colorSpace='rgb', contrast=None, depth=-1.0, draggable=False, fillColor=array([1, 1, 1]), fillColorSpace='rgb', fillRGB=array([1, 1, 1]), interpolate=True, lineColor=array([1., 1., 1.]), lineColorSpace='rgb', lineRGB=array([1, 1, 1]), lineWidth=1.0, name='other', opacity=1.0, ori=45.0, pos=array([0.2, 0. ]), size=array([0.2, 0.2]), units='height', vertices=ndarray(...), win=Window(...))
22.5789 	EXP 	window1: mouseVisible = True
22.5873 	EXP 	Created label_self = TextStim(__class__=<class 'psychopy.visual.text.TextStim'>, alignHoriz=method-wrapper(...), alignText='center', alignVert=method-wrapper(...), anchorHoriz='center', anchorVert='center', antialias=True, autoDraw=False, autoLog=True, bold=False, color=array([1., 1., 1.]), colorSpace='rgb', contrast=1.0, depth=-2.0, draggable=False, flipHoriz=False, flipVert=False, font='Open Sans', fontFiles=[], height=0.05, italic=False, languageStyle='LTR', name='label_self', opacity=1.0, ori=0.0, pos=array([-0.2, -0.2]), rgb=UNKNOWN, text='You', units='height', win=Window(...), wrapWidth=1)
22.5920 	EXP 	window1: mouseVisible = True
22.5969 	EXP 	Created label_other = TextStim(__class__=<class 'psychopy.visual.text.TextStim'>, alignHoriz=method-wrapper(...), alignText='center', alignVert=method-wrapper(...), anchorHoriz='center', anchorVert='center', antialias=True, autoDraw=False, autoLog=True, bold=False, color=array([1., 1., 1.]), colorSpace='rgb', contrast=1.0, depth=-3.0, draggable=False, flipHoriz=False, flipVert=False, font='Open Sans', fontFiles=[], height=0.05, italic=False, languageStyle='LTR', name='label_other', opacity=1.0, ori=0.0, pos=array([ 0.2, -0.2]), rgb=UNKNOWN, text='other', units='height', win=Window(...), wrapWidth=1)
22.6017 	EXP 	window1: mouseVisible = True
22.6153 	EXP 	Created text = TextStim(__class__=<class 'psychopy.visual.text.TextStim'>, alignHoriz=method-wrapper(...), alignText='center', alignVert=method-wrapper(...), anchorHoriz='center', anchorVert='center', antialias=True, autoDraw=False, autoLog=True, bold=False, color=array([1., 1., 1.]), colorSpace='rgb', contrast=1.0, depth=-4.0, draggable=False, flipHoriz=False, flipVert=False, font='Open Sans', fontFiles=[], height=0.03, italic=False, languageStyle='LTR', name='text', opacity=1.0, ori=0.0, pos=array([ 0. , -0.4]), rgb=UNKNOWN, text="press 'spacebar' to contiue", units='height', win=Window(...), wrapWidth=1)
22.6201 	EXP 	window1: mouseVisible = True
22.6359 	EXP 	Created text_norm_3 = TextStim(__class__=<class 'psychopy.visual.text.TextStim'>, alignHoriz=method-wrapper(...), alignText='center', alignVert=method-wrapper(...), anchorHoriz='center', anchorVert='center', antialias=True, autoDraw=False, autoLog=True, bold=False, color=array([1., 1., 1.]), colorSpace='rgb', contrast=1.0, depth=0.0, draggable=False, flipHoriz=False, flipVert=False, font='Arial', fontFiles=[], height=0.1, italic=False, languageStyle='LTR', name='text_norm_3', opacity=1.0, ori=0.0, pos=array([0., 0.]), rgb=UNKNOWN, text=str(...), units='norm', win=Window(...), wrapWidth=1.8)
22.6413 	EXP 	window1: mouseVisible = True
22.6452 	EXP 	Created fixation = ShapeStim(__class__=<class 'psychopy.visual.shape.ShapeStim'>, anchor=('center', 'center'), autoDraw=False, autoLog=True, closeShape=True, color=method-wrapper(...), colorSpace='rgb', contrast=None, depth=-1.0, draggable=False, fillColor=array([1, 1, 1]), fillColorSpace='rgb', fillRGB=array([1, 1, 1]), interpolate=True, lineColor=array([1., 1., 1.]), lineColorSpace='rgb', lineRGB=array([1, 1, 1]), lineWidth=1.0, name='fixation', opacity=1.0, ori=0.0, pos=array([0., 0.]), size=array([0.09, 0.09]), units='height', vertices=ndarray(...), win=Window(...), windingRule=None)
22.6504 	EXP 	window1: mouseVisible = True
22.6520 	EXP 	Created label = TextStim(__class__=<class 'psychopy.visual.text.TextStim'>, alignHoriz=method-wrapper(...), alignText='center', alignVert=method-wrapper(...), anchorHoriz='center', anchorVert='center', antialias=True, autoDraw=False, autoLog=True, bold=False, color=array([1., 1., 1.]), colorSpace='rgb', contrast=1.0, depth=-2.0, draggable=False, flipHoriz=False, flipVert=False, font='Open Sans', fontFiles=[], height=0.05, italic=False, languageStyle='LTR', name='label', opacity=1.0, ori=0.0, pos=array([ 0. , -0.1]), rgb=UNKNOWN, text='', units='height', win=Window(...), wrapWidth=1)
22.6584 	EXP 	window1: mouseVisible = True
22.6607 	EXP 	Created polygon = Rect(__class__=<class 'psychopy.visual.rect.Rect'>, anchor=('center', 'center'), autoDraw=False, autoLog=True, closeShape=True, color=method-wrapper(...), colorSpace='rgb', contrast=None, depth=-4.0, draggable=False, fillColor=array([1, 1, 1]), fillColorSpace='rgb', fillRGB=array([1, 1, 1]), interpolate=True, lineColor=array([1., 1., 1.]), lineColorSpace='rgb', lineRGB=array([1, 1, 1]), lineWidth=1.0, name='polygon', opacity=1.0, ori=1.0, pos=array([0. , 0.1]), size=array([0.2, 0.2]), units='height', vertices=ndarray(...), win=Window(...))
22.6654 	EXP 	window1: mouseVisible = True
22.6669 	EXP 	Created text_2 = TextStim(__class__=<class 'psychopy.visual.text.TextStim'>, alignHoriz=method-wrapper(...), alignText='center', alignVert=method-wrapper(...), anchorHoriz='center', anchorVert='center', antialias=True, autoDraw=False, autoLog=True, bold=False, color=array([1., 1., 1.]), colorSpace='rgb', contrast=1.0, depth=-1.0, draggable=False, flipHoriz=False, flipVert=False, font='Open Sans', fontFiles=[], height=0.05, italic=False, languageStyle='LTR', name='text_2', opacity=1.0, ori=0.0, pos=array([0., 0.]), rgb=UNKNOWN, text='', units='height', win=Window(...), wrapWidth=1)
22.6716 	EXP 	window1: mouseVisible = True
22.6858 	EXP 	Created text_norm_6 = TextStim(__class__=<class 'psychopy.visual.text.TextStim'>, alignHoriz=method-wrapper(...), alignText='center', alignVert=method-wrapper(...), anchorHoriz='center', anchorVert='center', antialias=True, autoDraw=False, autoLog=True, bold=False, color=array([1., 1., 1.]), colorSpace='rgb', contrast=1.0, depth=0.0, draggable=False, flipHoriz=False, flipVert=False, font='Arial', fontFiles=[], height=0.1, italic=False, languageStyle='LTR', name='text_norm_6', opacity=1.0, ori=0.0, pos=array([0., 0.]), rgb=UNKNOWN, text=str(...), units='norm', win=Window(...), wrapWidth=1.8)
22.6915 	EXP 	window1: mouseVisible = True
22.7272 	EXP 	Created image = ImageStim(__class__=<class 'psychopy.visual.image.ImageStim'>, anchor=('center', 'center'), autoLog=True, color=array([1., 1., 1.]), colorSpace='rgb', contrast=1.0, depth=0.0, draggable=False, flipHoriz=False, flipVert=False, image='default.png', interpolate=True, mask=None, maskParams=None, name='image', opacity=1.0, ori=0.0, pos=array([0., 0.]), size=array([0.5, 0.5]), texRes=128.0, units='height', win=Window(...))
22.7322 	EXP 	window1: mouseVisible = True
22.7434 	EXP 	Created text_norm_4 = TextStim(__class__=<class 'psychopy.visual.text.TextStim'>, alignHoriz=method-wrapper(...), alignText='center', alignVert=method-wrapper(...), anchorHoriz='center', anchorVert='center', antialias=True, autoDraw=False, autoLog=True, bold=False, color=array([1., 1., 1.]), colorSpace='rgb', contrast=1.0, depth=0.0, draggable=False, flipHoriz=False, flipVert=False, font='Arial', fontFiles=[], height=0.1, italic=False, languageStyle='LTR', name='text_norm_4', opacity=1.0, ori=0.0, pos=array([0., 0.]), rgb=UNKNOWN, text=str(...), units='norm', win=Window(...), wrapWidth=1.8)
22.7484 	EXP 	window1: mouseVisible = True
22.7520 	EXP 	Created block1_fixation = ShapeStim(__class__=<class 'psychopy.visual.shape.ShapeStim'>, anchor=('center', 'center'), autoDraw=False, autoLog=True, closeShape=True, color=method-wrapper(...), colorSpace='rgb', contrast=None, depth=-1.0, draggable=False, fillColor=array([1, 1, 1]), fillColorSpace='rgb', fillRGB=array([1, 1, 1]), interpolate=True, lineColor=array([1., 1., 1.]), lineColorSpace='rgb', lineRGB=array([1, 1, 1]), lineWidth=1.0, name='block1_fixation', opacity=1.0, ori=45.0, pos=array([0., 0.]), size=array([0.05, 0.05]), units='height', vertices=ndarray(...), win=Window(...), windingRule=None)
22.7584 	EXP 	window1: mouseVisible = True
22.7608 	EXP 	Created block1_ploygon = Rect(__class__=<class 'psychopy.visual.rect.Rect'>, anchor=('center', 'center'), autoDraw=False, autoLog=True, closeShape=True, color=method-wrapper(...), colorSpace='rgb', contrast=None, depth=-2.0, draggable=False, fillColor=array([1, 1, 1]), fillColorSpace='rgb', fillRGB=array([1, 1, 1]), interpolate=True, lineColor=array([1., 1., 1.]), lineColorSpace='rgb', lineRGB=array([1, 1, 1]), lineWidth=1.0, name='block1_ploygon', opacity=1.0, ori=1.0, pos=array([0. , 0.3]), size=array([0.2, 0.2]), units='height', vertices=ndarray(...), win=Window(...))
22.7653 	EXP 	window1: mouseVisible = True
22.7814 	EXP 	Created distractor_block1 = ImageStim(__class__=<class 'psychopy.visual.image.ImageStim'>, anchor=('center', 'center'), autoLog=True, color=array([1., 1., 1.]), colorSpace='rgb', contrast=1.0, depth=-3.0, draggable=False, flipHoriz=False, flipVert=False, image='default.png', interpolate=True, mask=None, maskParams=None, name='distractor_block1', opacity=1.0, ori=0.0, pos=array([ 0.  , -0.08]), size=array([0.4, 0.4]), texRes=128.0, units='height', win=Window(...))
22.7860 	EXP 	window1: mouseVisible = True
22.7876 	EXP 	Created blockone_label = TextStim(__class__=<class 'psychopy.visual.text.TextStim'>, alignHoriz=method-wrapper(...), alignText='center', alignVert=method-wrapper(...), anchorHoriz='center', anchorVert='center', antialias=True, autoDraw=False, autoLog=True, bold=False, color=array([1., 1., 1.]), colorSpace='rgb', contrast=1.0, depth=-4.0, draggable=False, flipHoriz=False, flipVert=False, font='Open Sans', fontFiles=[], height=0.05, italic=False, languageStyle='LTR', name='blockone_label', opacity=1.0, ori=0.0, pos=array([ 0.  , -0.34]), rgb=UNKNOWN, text='', units='height', win=Window(...), wrapWidth=1)
22.7921 	EXP 	window1: mouseVisible = True
22.7951 	EXP 	Created block2_fixation = ShapeStim(__class__=<class 'psychopy.visual.shape.ShapeStim'>, anchor=('center', 'center'), autoDraw=False, autoLog=True, closeShape=True, color=method-wrapper(...), colorSpace='rgb', contrast=None, depth=-1.0, draggable=False, fillColor=array([1, 1, 1]), fillColorSpace='rgb', fillRGB=array([1, 1, 1]), interpolate=True, lineColor=array([1., 1., 1.]), lineColorSpace='rgb', lineRGB=array([1, 1, 1]), lineWidth=1.0, name='block2_fixation', opacity=1.0, ori=45.0, pos=array([0., 0.]), size=array([0.05, 0.05]), units='height', vertices=ndarray(...), win=Window(...), windingRule=None)
22.7996 	EXP 	window1: mouseVisible = True
22.8017 	EXP 	Created block2_polygon = Rect(__class__=<class 'psychopy.visual.rect.Rect'>, anchor=('center', 'center'), autoDraw=False, autoLog=True, closeShape=True, color=method-wrapper(...), colorSpace='rgb', contrast=None, depth=-2.0, draggable=False, fillColor=array([1, 1, 1]), fillColorSpace='rgb', fillRGB=array([1, 1, 1]), interpolate=True, lineColor=array([1., 1., 1.]), lineColorSpace='rgb', lineRGB=array([1, 1, 1]), lineWidth=1.0, name='block2_polygon', opacity=1.0, ori=1.0, pos=array([0. , 0.3]), size=array([0.2, 0.2]), units='height', vertices=ndarray(...), win=Window(...))
22.8084 	EXP 	window1: mouseVisible = True
22.8244 	EXP 	Created distractor_block2 = ImageStim(__class__=<class 'psychopy.visual.image.ImageStim'>, anchor=('center', 'center'), autoLog=True, color=array([1., 1., 1.]), colorSpace='rgb', contrast=1.0, depth=-3.0, draggable=False, flipHoriz=False, flipVert=False, image='default.png', interpolate=True, mask=None, maskParams=None, name='distractor_block2', opacity=1.0, ori=0.0, pos=array([0., 0.]), size=array([0.4, 0.4]), texRes=128.0, units='height', win=Window(...))
22.8299 	EXP 	window1: mouseVisible = True
22.8315 	EXP 	Created blocktwo_label = TextStim(__class__=<class 'psychopy.visual.text.TextStim'>, alignHoriz=method-wrapper(...), alignText='center', alignVert=method-wrapper(...), anchorHoriz='center', anchorVert='center', antialias=True, autoDraw=False, autoLog=True, bold=False, color=array([1., 1., 1.]), colorSpace='rgb', contrast=1.0, depth=-4.0, draggable=False, flipHoriz=False, flipVert=False, font='Open Sans', fontFiles=[], height=0.05, italic=False, languageStyle='LTR', name='blocktwo_label', opacity=1.0, ori=0.0, pos=array([ 0.  , -0.34]), rgb=UNKNOWN, text='', units='height', win=Window(...), wrapWidth=1)
22.8359 	EXP 	window1: mouseVisible = True
22.8485 	EXP 	Created text_3 = TextStim(__class__=<class 'psychopy.visual.text.TextStim'>, alignHoriz=method-wrapper(...), alignText='center', alignVert=method-wrapper(...), anchorHoriz='center', anchorVert='center', antialias=True, autoDraw=False, autoLog=True, bold=False, color=array([1., 1., 1.]), colorSpace='rgb', contrast=1.0, depth=-6.0, draggable=False, flipHoriz=False, flipVert=False, font='Open Sans', fontFiles=[], height=0.05, italic=False, languageStyle='LTR', name='text_3', opacity=1.0, ori=0.0, pos=array([0., 0.]), rgb=UNKNOWN, text='Any text\n\nincluding line breaks', units='height', win=Window(...), wrapWidth=1)
22.8533 	EXP 	window1: mouseVisible = True
22.8590 	EXP 	Created text_norm_7 = TextStim(__class__=<class 'psychopy.visual.text.TextStim'>, alignHoriz=method-wrapper(...), alignText='center', alignVert=method-wrapper(...), anchorHoriz='center', anchorVert='center', antialias=True, autoDraw=False, autoLog=True, bold=False, color=array([1., 1., 1.]), colorSpace='rgb', contrast=1.0, depth=0.0, draggable=False, flipHoriz=False, flipVert=False, font='Arial', fontFiles=[], height=0.1, italic=False, languageStyle='LTR', name='text_norm_7', opacity=1.0, ori=0.0, pos=array([0., 0.]), rgb=UNKNOWN, text='Thank you for participating :))', units='norm', win=Window(...), wrapWidth=1.8)
0.0410 	EXP 	text_norm: alignText = 'left'
0.0410 	EXP 	text_norm: alignText = 'left'
0.0410 	EXP 	text_norm: alignText = 'left'
0.0410 	EXP 	text_norm: alignText = 'left'
0.0410 	EXP 	text_norm: alignText = 'left'
0.0543 	EXP 	text_norm: autoDraw = True
0.0543 	EXP 	text_norm: height = 0.1
0.0543 	EXP 	text_norm: height = 0.1
0.0543 	EXP 	text_norm: height = 0.1
0.0543 	EXP 	text_norm: text = "Welcome to the experiment.\n\npress 'spacebar' to continue."
0.9812 	WARNING 	t of last frame was 24.43ms (=1/40)
0.9812 	EXP 	text_norm: autoDraw = False
0.9812 	EXP 	text_norm_2: autoDraw = True
1.0099 	DATA 	Keypress: space
1.0259 	WARNING 	t of last frame was 44.70ms (=1/22)
1.3220 	WARNING 	t of last frame was 22.66ms (=1/44)
1.3826 	WARNING 	t of last frame was 21.64ms (=1/46)
1.6435 	DATA 	Keypress: space
1.6487 	WARNING 	Multiple dropped frames have occurred - I'll stop bothering you about them!
1.6486 	EXP 	text_norm_2: autoDraw = False
1.6486 	EXP 	self_shape: autoDraw = True
1.6486 	EXP 	other: autoDraw = True
1.6486 	EXP 	label_self: autoDraw = True
1.6486 	EXP 	label_other: autoDraw = True
1.6486 	EXP 	text: autoDraw = True
2.3959 	DATA 	Keypress: space
2.4165 	EXP 	self_shape: autoDraw = False
2.4165 	EXP 	other: autoDraw = False
2.4165 	EXP 	label_self: autoDraw = False
2.4165 	EXP 	label_other: autoDraw = False
2.4165 	EXP 	text: autoDraw = False
2.4165 	EXP 	text_norm_3: autoDraw = True
4.1691 	EXP 	Created sequence: random, trialTypes=1, nReps=10, seed=None
4.1693 	EXP 	New trial (rep=0, index=0): None
4.1759 	DATA 	Keypress: space
4.1803 	EXP 	text_norm_3: autoDraw = False
4.1803 	EXP 	label: height = 0.05
4.1803 	EXP 	label: height = 0.05
4.1803 	EXP 	label: height = 0.05
4.1803 	EXP 	label: text = 'other'
4.1803 	EXP 	polygon: ori = 45.0
4.1803 	EXP 	fixation: autoDraw = True
4.6578 	EXP 	label: autoDraw = True
4.6578 	EXP 	polygon: autoDraw = True
4.6718 	EXP 	fixation: autoDraw = False
7.4126 	DATA 	Keypress: y
7.4329 	EXP 	fixation: autoDraw = False
7.4329 	EXP 	label: autoDraw = False
7.4329 	EXP 	polygon: autoDraw = False
7.4329 	EXP 	text_2: height = 0.05
7.4329 	EXP 	text_2: height = 0.05
7.4329 	EXP 	text_2: height = 0.05
7.4329 	EXP 	text_2: text = 'correct response'
7.4329 	EXP 	text_2: autoDraw = True
8.4169 	EXP 	New trial (rep=1, index=0): None
8.4228 	EXP 	text_2: autoDraw = False
8.4228 	EXP 	label: text = 'other'
8.4228 	EXP 	polygon: ori = 45.0
8.4228 	EXP 	fixation: autoDraw = True
8.9070 	EXP 	label: autoDraw = True
8.9070 	EXP 	polygon: autoDraw = True
8.9160 	EXP 	fixation: autoDraw = False
9.6915 	DATA 	Keypress: n
9.6962 	EXP 	fixation: autoDraw = False
9.6962 	EXP 	label: autoDraw = False
9.6962 	EXP 	polygon: autoDraw = False
9.6962 	EXP 	text_2: height = 0.05
9.6962 	EXP 	text_2: height = 0.05
9.6962 	EXP 	text_2: height = 0.05
9.6962 	EXP 	text_2: text = 'wrong response'
9.6962 	EXP 	text_2: autoDraw = True
10.6841 	EXP 	New trial (rep=2, index=0): None
10.6924 	EXP 	text_2: autoDraw = False
10.6924 	EXP 	text_2: autoDraw = False
10.6924 	EXP 	label: height = 0.05
10.6924 	EXP 	label: height = 0.05
10.6924 	EXP 	label: height = 0.05
10.6924 	EXP 	label: text = 'self'
10.6924 	EXP 	polygon: ori = 0.0
10.6924 	EXP 	fixation: autoDraw = True
11.1756 	EXP 	label: autoDraw = True
11.1756 	EXP 	polygon: autoDraw = True
11.1833 	EXP 	fixation: autoDraw = False
12.3425 	DATA 	Keypress: y
12.3479 	EXP 	fixation: autoDraw = False
12.3479 	EXP 	label: autoDraw = False
12.3479 	EXP 	polygon: autoDraw = False
12.3479 	EXP 	text_2: height = 0.05
12.3479 	EXP 	text_2: height = 0.05
12.3479 	EXP 	text_2: height = 0.05
12.3479 	EXP 	text_2: text = 'correct response'
12.3479 	EXP 	text_2: autoDraw = True
13.3337 	EXP 	New trial (rep=3, index=0): None
13.3421 	EXP 	text_2: autoDraw = False
13.3421 	EXP 	text_2: autoDraw = False
13.3421 	EXP 	label: height = 0.05
13.3421 	EXP 	label: height = 0.05
13.3421 	EXP 	label: height = 0.05
13.3421 	EXP 	label: text = 'other'
13.3421 	EXP 	polygon: ori = 0.0
13.3421 	EXP 	fixation: autoDraw = True
13.8328 	EXP 	label: autoDraw = True
13.8328 	EXP 	polygon: autoDraw = True
13.8395 	EXP 	fixation: autoDraw = False
14.5883 	DATA 	Keypress: n
14.5929 	EXP 	fixation: autoDraw = False
14.5929 	EXP 	label: autoDraw = False
14.5929 	EXP 	polygon: autoDraw = False
14.5929 	EXP 	text_2: text = 'correct response'
14.5929 	EXP 	text_2: autoDraw = True
15.5830 	EXP 	New trial (rep=4, index=0): None
15.6011 	EXP 	text_2: autoDraw = False
15.6011 	EXP 	text_2: autoDraw = False
15.6011 	EXP 	label: height = 0.05
15.6011 	EXP 	label: height = 0.05
15.6011 	EXP 	label: height = 0.05
15.6011 	EXP 	label: text = 'self'
15.6011 	EXP 	polygon: ori = 0.0
15.6011 	EXP 	fixation: autoDraw = True
16.0751 	EXP 	label: autoDraw = True
16.0751 	EXP 	polygon: autoDraw = True
16.0997 	EXP 	fixation: autoDraw = False
17.0896 	DATA 	Keypress: n
17.0940 	EXP 	fixation: autoDraw = False
17.0940 	EXP 	label: autoDraw = False
17.0940 	EXP 	polygon: autoDraw = False
17.0940 	EXP 	text_2: height = 0.05
17.0940 	EXP 	text_2: height = 0.05
17.0940 	EXP 	text_2: height = 0.05
17.0940 	EXP 	text_2: text = 'wrong response'
17.0940 	EXP 	text_2: autoDraw = True
18.0845 	EXP 	New trial (rep=5, index=0): None
18.0911 	EXP 	text_2: autoDraw = False
18.0911 	EXP 	text_2: autoDraw = False
18.0911 	EXP 	label: text = 'self'
18.0911 	EXP 	polygon: ori = 45.0
18.0911 	EXP 	fixation: autoDraw = True
18.5748 	EXP 	label: autoDraw = True
18.5748 	EXP 	polygon: autoDraw = True
18.5831 	EXP 	fixation: autoDraw = False
19.9293 	DATA 	Keypress: n
19.9337 	EXP 	fixation: autoDraw = False
19.9337 	EXP 	label: autoDraw = False
19.9337 	EXP 	polygon: autoDraw = False
19.9337 	EXP 	text_2: height = 0.05
19.9337 	EXP 	text_2: height = 0.05
19.9337 	EXP 	text_2: height = 0.05
19.9337 	EXP 	text_2: text = 'correct response'
19.9337 	EXP 	text_2: autoDraw = True
20.9178 	EXP 	New trial (rep=6, index=0): None
20.9260 	EXP 	text_2: autoDraw = False
20.9260 	EXP 	text_2: autoDraw = False
20.9260 	EXP 	label: height = 0.05
20.9260 	EXP 	label: height = 0.05
20.9260 	EXP 	label: height = 0.05
20.9260 	EXP 	label: text = 'other'
20.9260 	EXP 	polygon: ori = 0.0
20.9260 	EXP 	fixation: autoDraw = True
21.4244 	EXP 	fixation: autoDraw = False
21.4244 	EXP 	label: autoDraw = True
21.4244 	EXP 	polygon: autoDraw = True
23.4733 	EXP 	fixation: autoDraw = False
23.4733 	EXP 	label: autoDraw = False
23.4733 	EXP 	polygon: autoDraw = False
23.4733 	EXP 	text_2: text = 'correct response'
23.4733 	EXP 	text_2: autoDraw = True
23.4762 	DATA 	Keypress: n
24.4672 	EXP 	New trial (rep=7, index=0): None
24.4740 	EXP 	text_2: autoDraw = False
24.4740 	EXP 	text_2: autoDraw = False
24.4740 	EXP 	label: height = 0.05
24.4740 	EXP 	label: height = 0.05
24.4740 	EXP 	label: height = 0.05
24.4740 	EXP 	label: text = 'self'
24.4740 	EXP 	polygon: ori = 45.0
24.4740 	EXP 	fixation: autoDraw = True
24.9666 	EXP 	label: autoDraw = True
24.9666 	EXP 	polygon: autoDraw = True
24.9730 	EXP 	fixation: autoDraw = False
26.1773 	DATA 	Keypress: n
26.1831 	EXP 	fixation: autoDraw = False
26.1831 	EXP 	label: autoDraw = False
26.1831 	EXP 	polygon: autoDraw = False
26.1831 	EXP 	text_2: text = 'correct response'
26.1831 	EXP 	text_2: autoDraw = True
27.1683 	EXP 	New trial (rep=8, index=0): None
27.1754 	EXP 	text_2: autoDraw = False
27.1754 	EXP 	text_2: autoDraw = False
27.1754 	EXP 	label: height = 0.05
27.1754 	EXP 	label: height = 0.05
27.1754 	EXP 	label: height = 0.05
27.1754 	EXP 	label: text = 'other'
27.1754 	EXP 	polygon: ori = 0.0
27.1754 	EXP 	fixation: autoDraw = True
27.6749 	EXP 	fixation: autoDraw = False
27.6749 	EXP 	label: autoDraw = True
27.6749 	EXP 	polygon: autoDraw = True
28.3230 	DATA 	Keypress: n
28.3284 	EXP 	fixation: autoDraw = False
28.3284 	EXP 	label: autoDraw = False
28.3284 	EXP 	polygon: autoDraw = False
28.3284 	EXP 	text_2: text = 'correct response'
28.3284 	EXP 	text_2: autoDraw = True
29.3181 	EXP 	New trial (rep=9, index=0): None
29.3245 	EXP 	text_2: autoDraw = False
29.3245 	EXP 	text_2: autoDraw = False
29.3245 	EXP 	label: text = 'other'
29.3245 	EXP 	polygon: ori = 0.0
29.3245 	EXP 	fixation: autoDraw = True
29.8168 	EXP 	label: autoDraw = True
29.8168 	EXP 	polygon: autoDraw = True
29.8236 	EXP 	fixation: autoDraw = False
30.5947 	DATA 	Keypress: n
30.6060 	EXP 	fixation: autoDraw = False
30.6060 	EXP 	label: autoDraw = False
30.6060 	EXP 	polygon: autoDraw = False
30.6060 	EXP 	text_2: text = 'correct response'
30.6060 	EXP 	text_2: autoDraw = True
31.6003 	EXP 	text_2: autoDraw = False
31.6003 	EXP 	text_2: autoDraw = False
31.6003 	EXP 	text_norm_6: autoDraw = True
32.8042 	EXP 	Imported image_paths.csv as conditions, 180 conditions, 1 params
32.8059 	EXP 	Created sequence: random, trialTypes=180, nReps=1, seed=None
32.8061 	EXP 	New trial (rep=0, index=0): OrderedDict([('free_view_image', 'images/7150.jpg')])
32.8249 	DATA 	Keypress: space
32.8299 	EXP 	text_norm_6: autoDraw = False
32.8299 	EXP 	image: image = 'images/7150.jpg'
32.8299 	EXP 	image: autoDraw = True
34.4031 	EXP 	New trial (rep=0, index=1): OrderedDict([('free_view_image', 'images/2070.jpg')])
34.4118 	DATA 	Keypress: j
34.4170 	EXP 	image: autoDraw = False
34.4170 	EXP 	image: image = 'images/2070.jpg'
34.4170 	EXP 	image: autoDraw = True
34.8752 	EXP 	New trial (rep=0, index=2): OrderedDict([('free_view_image', 'images/8251.jpg')])
34.8846 	DATA 	Keypress: k
34.8896 	EXP 	image: autoDraw = False
34.8896 	EXP 	image: image = 'images/8251.jpg'
34.8896 	EXP 	image: autoDraw = True
35.2259 	EXP 	New trial (rep=0, index=3): OrderedDict([('free_view_image', 'images/1820.jpg')])
35.2374 	DATA 	Keypress: j
35.2424 	EXP 	image: autoDraw = False
35.2424 	EXP 	image: image = 'images/1820.jpg'
35.2424 	EXP 	image: autoDraw = True
35.5929 	EXP 	New trial (rep=0, index=4): OrderedDict([('free_view_image', 'images/2205.jpg')])
35.6002 	DATA 	Keypress: k
35.6052 	EXP 	image: autoDraw = False
35.6052 	EXP 	image: image = 'images/2205.jpg'
35.6052 	EXP 	image: autoDraw = True
35.8858 	EXP 	New trial (rep=0, index=5): OrderedDict([('free_view_image', 'images/2518.jpg')])
35.8927 	DATA 	Keypress: j
35.8976 	EXP 	image: autoDraw = False
35.8976 	EXP 	image: image = 'images/2518.jpg'
35.8976 	EXP 	image: autoDraw = True
36.1586 	EXP 	New trial (rep=0, index=6): OrderedDict([('free_view_image', 'images/3360.jpg')])
36.1670 	DATA 	Keypress: k
36.1729 	EXP 	image: autoDraw = False
36.1729 	EXP 	image: image = 'images/3360.jpg'
36.1729 	EXP 	image: autoDraw = True
36.3920 	EXP 	New trial (rep=0, index=7): OrderedDict([('free_view_image', 'images/2071.jpg')])
36.3982 	DATA 	Keypress: j
36.4040 	EXP 	image: autoDraw = False
36.4040 	EXP 	image: image = 'images/2071.jpg'
36.4040 	EXP 	image: autoDraw = True
36.6696 	EXP 	New trial (rep=0, index=8): OrderedDict([('free_view_image', 'images/9582.jpg')])
36.6760 	DATA 	Keypress: k
36.6809 	EXP 	image: autoDraw = False
36.6809 	EXP 	image: image = 'images/9582.jpg'
36.6809 	EXP 	image: autoDraw = True
36.8908 	EXP 	New trial (rep=0, index=9): OrderedDict([('free_view_image', 'images/3170.jpg')])
36.8972 	DATA 	Keypress: j
36.9172 	EXP 	image: autoDraw = False
36.9172 	EXP 	image: image = 'images/3170.jpg'
36.9172 	EXP 	image: autoDraw = True
37.0867 	EXP 	New trial (rep=0, index=10): OrderedDict([('free_view_image', 'images/2411.jpg')])
37.0968 	DATA 	Keypress: k
37.1019 	EXP 	image: autoDraw = False
37.1019 	EXP 	image: image = 'images/2411.jpg'
37.1019 	EXP 	image: autoDraw = True
37.4029 	EXP 	New trial (rep=0, index=11): OrderedDict([('free_view_image', 'images/2440.jpg')])
37.4095 	DATA 	Keypress: space
37.4145 	EXP 	image: autoDraw = False
37.4145 	EXP 	image: image = 'images/2440.jpg'
37.4145 	EXP 	image: autoDraw = True
37.7016 	EXP 	New trial (rep=0, index=12): OrderedDict([('free_view_image', 'images/2560.jpg')])
37.7097 	DATA 	Keypress: space
37.7147 	EXP 	image: autoDraw = False
37.7147 	EXP 	image: image = 'images/2560.jpg'
37.7147 	EXP 	image: autoDraw = True
37.9921 	EXP 	New trial (rep=0, index=13): OrderedDict([('free_view_image', 'images/2580.jpg')])
37.9982 	DATA 	Keypress: space
38.0040 	EXP 	image: autoDraw = False
38.0040 	EXP 	image: image = 'images/2580.jpg'
38.0040 	EXP 	image: autoDraw = True
38.2862 	EXP 	New trial (rep=0, index=14): OrderedDict([('free_view_image', 'images/2221.jpg')])
38.2927 	DATA 	Keypress: space
38.2976 	EXP 	image: autoDraw = False
38.2976 	EXP 	image: image = 'images/2221.jpg'
38.2976 	EXP 	image: autoDraw = True
38.5736 	EXP 	New trial (rep=0, index=15): OrderedDict([('free_view_image', 'images/2397.jpg')])
38.5814 	DATA 	Keypress: space
38.5872 	EXP 	image: autoDraw = False
38.5872 	EXP 	image: image = 'images/2397.jpg'
38.5872 	EXP 	image: autoDraw = True
38.7688 	EXP 	New trial (rep=0, index=16): OrderedDict([('free_view_image', 'images/4698.jpg')])
38.7772 	DATA 	Keypress: space
38.7823 	EXP 	image: autoDraw = False
38.7823 	EXP 	image: image = 'images/4698.jpg'
38.7823 	EXP 	image: autoDraw = True
38.9422 	EXP 	New trial (rep=0, index=17): OrderedDict([('free_view_image', 'images/8179.jpg')])
38.9484 	DATA 	Keypress: space
38.9544 	EXP 	image: autoDraw = False
38.9544 	EXP 	image: image = 'images/8179.jpg'
38.9544 	EXP 	image: autoDraw = True
39.4522 	EXP 	New trial (rep=0, index=18): OrderedDict([('free_view_image', 'images/1333.jpg')])
39.4588 	DATA 	Keypress: space
39.4638 	EXP 	image: autoDraw = False
39.4638 	EXP 	image: image = 'images/1333.jpg'
39.4638 	EXP 	image: autoDraw = True
40.0366 	EXP 	New trial (rep=0, index=19): OrderedDict([('free_view_image', 'images/7235.jpg')])
40.0434 	DATA 	Keypress: space
40.0484 	EXP 	image: autoDraw = False
40.0484 	EXP 	image: image = 'images/7235.jpg'
40.0484 	EXP 	image: autoDraw = True
40.4904 	EXP 	New trial (rep=0, index=20): OrderedDict([('free_view_image', 'images/4697.jpg')])
40.4990 	DATA 	Keypress: space
40.5048 	EXP 	image: autoDraw = False
40.5048 	EXP 	image: image = 'images/4697.jpg'
40.5048 	EXP 	image: autoDraw = True
40.8928 	EXP 	New trial (rep=0, index=21): OrderedDict([('free_view_image', 'images/7710.jpg')])
40.8990 	DATA 	Keypress: space
40.9047 	EXP 	image: autoDraw = False
40.9047 	EXP 	image: image = 'images/7710.jpg'
40.9047 	EXP 	image: autoDraw = True
41.2586 	EXP 	New trial (rep=0, index=22): OrderedDict([('free_view_image', 'images/2745.1.jpg')])
41.2652 	DATA 	Keypress: space
41.2710 	EXP 	image: autoDraw = False
41.2710 	EXP 	image: image = 'images/2745.1.jpg'
41.2710 	EXP 	image: autoDraw = True
41.6265 	EXP 	New trial (rep=0, index=23): OrderedDict([('free_view_image', 'images/7130.jpg')])
41.6332 	DATA 	Keypress: space
41.6385 	EXP 	image: autoDraw = False
41.6385 	EXP 	image: image = 'images/7130.jpg'
41.6385 	EXP 	image: autoDraw = True
41.9923 	EXP 	New trial (rep=0, index=24): OrderedDict([('free_view_image', 'images/2506.jpg')])
41.9999 	DATA 	Keypress: space
42.0052 	EXP 	image: autoDraw = False
42.0052 	EXP 	image: image = 'images/2506.jpg'
42.0052 	EXP 	image: autoDraw = True
42.3758 	EXP 	New trial (rep=0, index=25): OrderedDict([('free_view_image', 'images/7365.jpg')])
42.3850 	DATA 	Keypress: space
42.3897 	EXP 	image: autoDraw = False
42.3897 	EXP 	image: image = 'images/7365.jpg'
42.3897 	EXP 	image: autoDraw = True
42.7427 	EXP 	New trial (rep=0, index=26): OrderedDict([('free_view_image', 'images/7036.jpg')])
42.7498 	DATA 	Keypress: space
42.7555 	EXP 	image: autoDraw = False
42.7555 	EXP 	image: image = 'images/7036.jpg'
42.7555 	EXP 	image: autoDraw = True
43.0766 	EXP 	New trial (rep=0, index=27): OrderedDict([('free_view_image', 'images/7052.jpg')])
43.0826 	DATA 	Keypress: space
43.0884 	EXP 	image: autoDraw = False
43.0884 	EXP 	image: image = 'images/7052.jpg'
43.0884 	EXP 	image: autoDraw = True
43.4083 	EXP 	New trial (rep=0, index=28): OrderedDict([('free_view_image', 'images/7019.jpg')])
43.4191 	DATA 	Keypress: space
43.4240 	EXP 	image: autoDraw = False
43.4240 	EXP 	image: image = 'images/7019.jpg'
43.4240 	EXP 	image: autoDraw = True
43.7916 	EXP 	New trial (rep=0, index=29): OrderedDict([('free_view_image', 'images/2058.jpg')])
43.7978 	DATA 	Keypress: space
43.8045 	EXP 	image: autoDraw = False
43.8045 	EXP 	image: image = 'images/2058.jpg'
43.8045 	EXP 	image: autoDraw = True
44.1344 	EXP 	New trial (rep=0, index=30): OrderedDict([('free_view_image', 'images/5875.jpg')])
44.1455 	DATA 	Keypress: space
44.1559 	EXP 	image: autoDraw = False
44.1559 	EXP 	image: image = 'images/5875.jpg'
44.1559 	EXP 	image: autoDraw = True
44.4608 	EXP 	New trial (rep=0, index=31): OrderedDict([('free_view_image', 'images/2396.jpg')])
44.4738 	DATA 	Keypress: space
44.4795 	EXP 	image: autoDraw = False
44.4795 	EXP 	image: image = 'images/2396.jpg'
44.4795 	EXP 	image: autoDraw = True
44.7518 	EXP 	New trial (rep=0, index=32): OrderedDict([('free_view_image', 'images/4672.jpg')])
44.7586 	DATA 	Keypress: space
44.7637 	EXP 	image: autoDraw = False
44.7637 	EXP 	image: image = 'images/4672.jpg'
44.7637 	EXP 	image: autoDraw = True
45.0244 	EXP 	New trial (rep=0, index=33): OrderedDict([('free_view_image', 'images/2516.jpg')])
45.0305 	DATA 	Keypress: space
45.0507 	EXP 	image: autoDraw = False
45.0507 	EXP 	image: image = 'images/2516.jpg'
45.0507 	EXP 	image: autoDraw = True
45.2759 	EXP 	New trial (rep=0, index=34): OrderedDict([('free_view_image', 'images/2495.jpg')])
45.2820 	DATA 	Keypress: space
45.2877 	EXP 	image: autoDraw = False
45.2877 	EXP 	image: image = 'images/2495.jpg'
45.2877 	EXP 	image: autoDraw = True
45.5367 	EXP 	New trial (rep=0, index=35): OrderedDict([('free_view_image', 'images/6910.jpg')])
45.5474 	DATA 	Keypress: space
45.5527 	EXP 	image: autoDraw = False
45.5527 	EXP 	image: image = 'images/6910.jpg'
45.5527 	EXP 	image: autoDraw = True
45.7521 	EXP 	New trial (rep=0, index=36): OrderedDict([('free_view_image', 'images/2620.jpg')])
45.7622 	DATA 	Keypress: space
45.7676 	EXP 	image: autoDraw = False
45.7676 	EXP 	image: image = 'images/2620.jpg'
45.7676 	EXP 	image: autoDraw = True
45.9855 	EXP 	New trial (rep=0, index=37): OrderedDict([('free_view_image', 'images/1310.jpg')])
45.9964 	DATA 	Keypress: space
46.0018 	EXP 	image: autoDraw = False
46.0018 	EXP 	image: image = 'images/1310.jpg'
46.0018 	EXP 	image: autoDraw = True
46.1689 	EXP 	New trial (rep=0, index=38): OrderedDict([('free_view_image', 'images/2375.1.jpg')])
46.1772 	DATA 	Keypress: space
46.1825 	EXP 	image: autoDraw = False
46.1825 	EXP 	image: image = 'images/2375.1.jpg'
46.1825 	EXP 	image: autoDraw = True
46.3552 	EXP 	New trial (rep=0, index=39): OrderedDict([('free_view_image', 'images/8341.jpg')])
46.3631 	DATA 	Keypress: space
46.3686 	EXP 	image: autoDraw = False
46.3686 	EXP 	image: image = 'images/8341.jpg'
46.3686 	EXP 	image: autoDraw = True
46.5430 	EXP 	New trial (rep=0, index=40): OrderedDict([('free_view_image', 'images/7016.jpg')])
46.5529 	DATA 	Keypress: space
46.5579 	EXP 	image: autoDraw = False
46.5579 	EXP 	image: image = 'images/7016.jpg'
46.5579 	EXP 	image: autoDraw = True
46.7238 	EXP 	New trial (rep=0, index=41): OrderedDict([('free_view_image', 'images/7509.jpg')])
46.7338 	DATA 	Keypress: space
46.7389 	EXP 	image: autoDraw = False
46.7389 	EXP 	image: image = 'images/7509.jpg'
46.7389 	EXP 	image: autoDraw = True
46.9102 	EXP 	New trial (rep=0, index=42): OrderedDict([('free_view_image', 'images/4664.1.jpg')])
46.9192 	DATA 	Keypress: space
46.9239 	EXP 	image: autoDraw = False
46.9239 	EXP 	image: image = 'images/4664.1.jpg'
46.9239 	EXP 	image: autoDraw = True
47.0921 	EXP 	New trial (rep=0, index=43): OrderedDict([('free_view_image', 'images/7060.jpg')])
47.0989 	DATA 	Keypress: space
47.1048 	EXP 	image: autoDraw = False
47.1048 	EXP 	image: image = 'images/7060.jpg'
47.1048 	EXP 	image: autoDraw = True
47.2760 	EXP 	New trial (rep=0, index=44): OrderedDict([('free_view_image', 'images/7499.jpg')])
47.2859 	DATA 	Keypress: space
47.2906 	EXP 	image: autoDraw = False
47.2906 	EXP 	image: image = 'images/7499.jpg'
47.2906 	EXP 	image: autoDraw = True
47.4579 	EXP 	New trial (rep=0, index=45): OrderedDict([('free_view_image', 'images/1101.jpg')])
47.4656 	DATA 	Keypress: space
47.4716 	EXP 	image: autoDraw = False
47.4716 	EXP 	image: image = 'images/1101.jpg'
47.4716 	EXP 	image: autoDraw = True
47.6415 	DATA 	Keypress: space
47.6522 	EXP 	New trial (rep=0, index=46): OrderedDict([('free_view_image', 'images/7450.jpg')])
47.6673 	EXP 	image: autoDraw = False
47.6673 	EXP 	image: image = 'images/7450.jpg'
47.6673 	EXP 	image: autoDraw = True
47.8127 	DATA 	Keypress: space
47.8209 	EXP 	New trial (rep=0, index=47): OrderedDict([('free_view_image', 'images/9700.jpg')])
47.8364 	EXP 	image: autoDraw = False
47.8364 	EXP 	image: image = 'images/9700.jpg'
47.8364 	EXP 	image: autoDraw = True
47.9917 	EXP 	New trial (rep=0, index=48): OrderedDict([('free_view_image', 'images/2352.1.jpg')])
47.9996 	DATA 	Keypress: space
48.0057 	EXP 	image: autoDraw = False
48.0057 	EXP 	image: image = 'images/2352.1.jpg'
48.0057 	EXP 	image: autoDraw = True
48.1519 	EXP 	New trial (rep=0, index=49): OrderedDict([('free_view_image', 'images/7705.jpg')])
48.1585 	DATA 	Keypress: space
48.1637 	EXP 	image: autoDraw = False
48.1637 	EXP 	image: image = 'images/7705.jpg'
48.1637 	EXP 	image: autoDraw = True
48.3353 	EXP 	New trial (rep=0, index=50): OrderedDict([('free_view_image', 'images/4085.jpg')])
48.3436 	DATA 	Keypress: space
48.3483 	EXP 	image: autoDraw = False
48.3483 	EXP 	image: image = 'images/4085.jpg'
48.3483 	EXP 	image: autoDraw = True
48.5031 	EXP 	New trial (rep=0, index=51): OrderedDict([('free_view_image', 'images/4770.jpg')])
48.5091 	DATA 	Keypress: space
48.5142 	EXP 	image: autoDraw = False
48.5142 	EXP 	image: image = 'images/4770.jpg'
48.5142 	EXP 	image: autoDraw = True
48.6755 	EXP 	New trial (rep=0, index=52): OrderedDict([('free_view_image', 'images/1726.jpg')])
48.6822 	DATA 	Keypress: space
48.6879 	EXP 	image: autoDraw = False
48.6879 	EXP 	image: image = 'images/1726.jpg'
48.6879 	EXP 	image: autoDraw = True
48.8698 	EXP 	New trial (rep=0, index=53): OrderedDict([('free_view_image', 'images/9596.jpg')])
48.8774 	DATA 	Keypress: space
48.8825 	EXP 	image: autoDraw = False
48.8825 	EXP 	image: image = 'images/9596.jpg'
48.8825 	EXP 	image: autoDraw = True
49.0357 	EXP 	New trial (rep=0, index=54): OrderedDict([('free_view_image', 'images/4232.jpg')])
49.0420 	DATA 	Keypress: space
49.0470 	EXP 	image: autoDraw = False
49.0470 	EXP 	image: image = 'images/4232.jpg'
49.0470 	EXP 	image: autoDraw = True
49.2081 	EXP 	New trial (rep=0, index=55): OrderedDict([('free_view_image', 'images/4622.jpg')])
49.2164 	DATA 	Keypress: space
49.2221 	EXP 	image: autoDraw = False
49.2221 	EXP 	image: image = 'images/4622.jpg'
49.2221 	EXP 	image: autoDraw = True
49.3868 	EXP 	New trial (rep=0, index=56): OrderedDict([('free_view_image', 'images/5950.jpg')])
49.3947 	DATA 	Keypress: space
49.3998 	EXP 	image: autoDraw = False
49.3998 	EXP 	image: image = 'images/5950.jpg'
49.3998 	EXP 	image: autoDraw = True
49.5697 	EXP 	New trial (rep=0, index=57): OrderedDict([('free_view_image', 'images/4666.jpg')])
49.5785 	DATA 	Keypress: space
49.5838 	EXP 	image: autoDraw = False
49.5838 	EXP 	image: image = 'images/4666.jpg'
49.5838 	EXP 	image: autoDraw = True
49.7259 	EXP 	New trial (rep=0, index=58): OrderedDict([('free_view_image', 'images/2840.jpg')])
49.7346 	DATA 	Keypress: space
49.7396 	EXP 	image: autoDraw = False
49.7396 	EXP 	image: image = 'images/2840.jpg'
49.7396 	EXP 	image: autoDraw = True
49.9095 	EXP 	New trial (rep=0, index=59): OrderedDict([('free_view_image', 'images/2200.jpg')])
49.9183 	DATA 	Keypress: space
49.9232 	EXP 	image: autoDraw = False
49.9232 	EXP 	image: image = 'images/2200.jpg'
49.9232 	EXP 	image: autoDraw = True
50.0865 	EXP 	New trial (rep=0, index=60): OrderedDict([('free_view_image', 'images/2057.jpg')])
50.0930 	DATA 	Keypress: space
50.0981 	EXP 	image: autoDraw = False
50.0981 	EXP 	image: image = 'images/2057.jpg'
50.0981 	EXP 	image: autoDraw = True
50.2589 	EXP 	New trial (rep=0, index=61): OrderedDict([('free_view_image', 'images/8178.jpg')])
50.2656 	DATA 	Keypress: space
50.2715 	EXP 	image: autoDraw = False
50.2715 	EXP 	image: image = 'images/8178.jpg'
50.2715 	EXP 	image: autoDraw = True
50.4252 	EXP 	New trial (rep=0, index=62): OrderedDict([('free_view_image', 'images/4631.jpg')])
50.4315 	DATA 	Keypress: space
50.4380 	EXP 	image: autoDraw = False
50.4380 	EXP 	image: image = 'images/4631.jpg'
50.4380 	EXP 	image: autoDraw = True
50.5867 	EXP 	New trial (rep=0, index=63): OrderedDict([('free_view_image', 'images/8065.jpg')])
50.5954 	DATA 	Keypress: space
50.6004 	EXP 	image: autoDraw = False
50.6004 	EXP 	image: image = 'images/8065.jpg'
50.6004 	EXP 	image: autoDraw = True
50.7434 	EXP 	New trial (rep=0, index=64): OrderedDict([('free_view_image', 'images/1114.jpg')])
50.7511 	DATA 	Keypress: space
50.7559 	EXP 	image: autoDraw = False
50.7559 	EXP 	image: image = 'images/1114.jpg'
50.7559 	EXP 	image: autoDraw = True
50.8855 	EXP 	New trial (rep=0, index=65): OrderedDict([('free_view_image', 'images/6900.jpg')])
50.8925 	DATA 	Keypress: space
50.8975 	EXP 	image: autoDraw = False
50.8975 	EXP 	image: image = 'images/6900.jpg'
50.8975 	EXP 	image: autoDraw = True
51.0253 	EXP 	New trial (rep=0, index=66): OrderedDict([('free_view_image', 'images/4561.jpg')])
51.0321 	DATA 	Keypress: space
51.0379 	EXP 	image: autoDraw = False
51.0379 	EXP 	image: image = 'images/4561.jpg'
51.0379 	EXP 	image: autoDraw = True
51.1702 	EXP 	New trial (rep=0, index=67): OrderedDict([('free_view_image', 'images/2513.jpg')])
51.1782 	DATA 	Keypress: space
51.1832 	EXP 	image: autoDraw = False
51.1832 	EXP 	image: image = 'images/2513.jpg'
51.1832 	EXP 	image: autoDraw = True
51.3086 	EXP 	New trial (rep=0, index=68): OrderedDict([('free_view_image', 'images/1302.jpg')])
51.3151 	DATA 	Keypress: space
51.3209 	EXP 	image: autoDraw = False
51.3209 	EXP 	image: image = 'images/1302.jpg'
51.3209 	EXP 	image: autoDraw = True
51.4520 	EXP 	New trial (rep=0, index=69): OrderedDict([('free_view_image', 'images/4647.jpg')])
51.4599 	DATA 	Keypress: space
51.4651 	EXP 	image: autoDraw = False
51.4651 	EXP 	image: image = 'images/4647.jpg'
51.4651 	EXP 	image: autoDraw = True
51.6025 	EXP 	New trial (rep=0, index=70): OrderedDict([('free_view_image', 'images/7234.jpg')])
51.6092 	DATA 	Keypress: space
51.6143 	EXP 	image: autoDraw = False
51.6143 	EXP 	image: image = 'images/7234.jpg'
51.6143 	EXP 	image: autoDraw = True
51.8588 	EXP 	New trial (rep=0, index=71): OrderedDict([('free_view_image', 'images/8206.jpg')])
51.8678 	DATA 	Keypress: space
51.8733 	EXP 	image: autoDraw = False
51.8733 	EXP 	image: image = 'images/8206.jpg'
51.8733 	EXP 	image: autoDraw = True
52.2603 	EXP 	New trial (rep=0, index=72): OrderedDict([('free_view_image', 'images/7030.jpg')])
52.2698 	DATA 	Keypress: space
52.2750 	EXP 	image: autoDraw = False
52.2750 	EXP 	image: image = 'images/7030.jpg'
52.2750 	EXP 	image: autoDraw = True
52.3575 	EXP 	New trial (rep=0, index=73): OrderedDict([('free_view_image', 'images/3010.jpg')])
52.3636 	DATA 	Keypress: space
52.3688 	EXP 	image: autoDraw = False
52.3688 	EXP 	image: image = 'images/3010.jpg'
52.3688 	EXP 	image: autoDraw = True
52.5035 	EXP 	New trial (rep=0, index=74): OrderedDict([('free_view_image', 'images/4142.jpg')])
52.5098 	DATA 	Keypress: space
52.5148 	EXP 	image: autoDraw = False
52.5148 	EXP 	image: image = 'images/4142.jpg'
52.5148 	EXP 	image: autoDraw = True
52.6255 	EXP 	New trial (rep=0, index=75): OrderedDict([('free_view_image', 'images/8001.jpg')])
52.6338 	DATA 	Keypress: space
52.6397 	EXP 	image: autoDraw = False
52.6397 	EXP 	image: image = 'images/8001.jpg'
52.6397 	EXP 	image: autoDraw = True
52.8924 	EXP 	New trial (rep=0, index=76): OrderedDict([('free_view_image', 'images/2383.jpg')])
52.8988 	DATA 	Keypress: space
52.9052 	EXP 	image: autoDraw = False
52.9052 	EXP 	image: image = 'images/2383.jpg'
52.9052 	EXP 	image: autoDraw = True
53.0426 	EXP 	New trial (rep=0, index=77): OrderedDict([('free_view_image', 'images/9156.jpg')])
53.0486 	DATA 	Keypress: space
53.0543 	EXP 	image: autoDraw = False
53.0543 	EXP 	image: image = 'images/9156.jpg'
53.0543 	EXP 	image: autoDraw = True
53.2585 	EXP 	New trial (rep=0, index=78): OrderedDict([('free_view_image', 'images/4302.jpg')])
53.2660 	DATA 	Keypress: space
53.2717 	EXP 	image: autoDraw = False
53.2717 	EXP 	image: image = 'images/4302.jpg'
53.2717 	EXP 	image: autoDraw = True
53.4094 	EXP 	New trial (rep=0, index=79): OrderedDict([('free_view_image', 'images/1450.jpg')])
53.4279 	DATA 	Keypress: space
53.4331 	EXP 	image: autoDraw = False
53.4331 	EXP 	image: image = 'images/1450.jpg'
53.4331 	EXP 	image: autoDraw = True
53.5370 	EXP 	New trial (rep=0, index=80): OrderedDict([('free_view_image', 'images/4598.jpg')])
53.5460 	DATA 	Keypress: space
53.5512 	EXP 	image: autoDraw = False
53.5512 	EXP 	image: image = 'images/4598.jpg'
53.5512 	EXP 	image: autoDraw = True
53.6688 	EXP 	New trial (rep=0, index=81): OrderedDict([('free_view_image', 'images/7217.jpg')])
53.6745 	DATA 	Keypress: space
53.6794 	EXP 	image: autoDraw = False
53.6794 	EXP 	image: image = 'images/7217.jpg'
53.6794 	EXP 	image: autoDraw = True
53.8927 	EXP 	New trial (rep=0, index=82): OrderedDict([('free_view_image', 'images/8260.jpg')])
53.8988 	DATA 	Keypress: space
53.9046 	EXP 	image: autoDraw = False
53.9046 	EXP 	image: image = 'images/8260.jpg'
53.9046 	EXP 	image: autoDraw = True
54.0352 	EXP 	New trial (rep=0, index=83): OrderedDict([('free_view_image', 'images/7034.jpg')])
54.0413 	DATA 	Keypress: space
54.0460 	EXP 	image: autoDraw = False
54.0460 	EXP 	image: image = 'images/7034.jpg'
54.0460 	EXP 	image: autoDraw = True
54.2276 	EXP 	New trial (rep=0, index=84): OrderedDict([('free_view_image', 'images/4800.jpg')])
54.2339 	DATA 	Keypress: space
54.2391 	EXP 	image: autoDraw = False
54.2391 	EXP 	image: image = 'images/4800.jpg'
54.2391 	EXP 	image: autoDraw = True
54.3753 	EXP 	New trial (rep=0, index=85): OrderedDict([('free_view_image', 'images/4300.jpg')])
54.3811 	DATA 	Keypress: space
54.3877 	EXP 	image: autoDraw = False
54.3877 	EXP 	image: image = 'images/4300.jpg'
54.3877 	EXP 	image: autoDraw = True
54.5252 	EXP 	New trial (rep=0, index=86): OrderedDict([('free_view_image', 'images/2104.jpg')])
54.5321 	DATA 	Keypress: space
54.5376 	EXP 	image: autoDraw = False
54.5376 	EXP 	image: image = 'images/2104.jpg'
54.5376 	EXP 	image: autoDraw = True
54.6585 	EXP 	New trial (rep=0, index=87): OrderedDict([('free_view_image', 'images/1670.jpg')])
54.6646 	DATA 	Keypress: space
54.6710 	EXP 	image: autoDraw = False
54.6710 	EXP 	image: image = 'images/1670.jpg'
54.6710 	EXP 	image: autoDraw = True
54.8585 	EXP 	New trial (rep=0, index=88): OrderedDict([('free_view_image', 'images/2720.jpg')])
54.8644 	DATA 	Keypress: space
54.8842 	EXP 	image: autoDraw = False
54.8842 	EXP 	image: image = 'images/2720.jpg'
54.8842 	EXP 	image: autoDraw = True
54.9919 	EXP 	New trial (rep=0, index=89): OrderedDict([('free_view_image', 'images/2695.jpg')])
54.9982 	DATA 	Keypress: space
55.0041 	EXP 	image: autoDraw = False
55.0041 	EXP 	image: image = 'images/2695.jpg'
55.0041 	EXP 	image: autoDraw = True
55.1865 	EXP 	New trial (rep=0, index=90): OrderedDict([('free_view_image', 'images/2499.jpg')])
55.1937 	DATA 	Keypress: space
55.1987 	EXP 	image: autoDraw = False
55.1987 	EXP 	image: image = 'images/2499.jpg'
55.1987 	EXP 	image: autoDraw = True
55.3266 	EXP 	New trial (rep=0, index=91): OrderedDict([('free_view_image', 'images/9926.jpg')])
55.3327 	DATA 	Keypress: space
55.3388 	EXP 	image: autoDraw = False
55.3388 	EXP 	image: image = 'images/9926.jpg'
55.3388 	EXP 	image: autoDraw = True
55.4700 	EXP 	New trial (rep=0, index=92): OrderedDict([('free_view_image', 'images/4683.jpg')])
55.4765 	DATA 	Keypress: space
55.4814 	EXP 	image: autoDraw = False
55.4814 	EXP 	image: image = 'images/4683.jpg'
55.4814 	EXP 	image: autoDraw = True
55.6031 	EXP 	New trial (rep=0, index=93): OrderedDict([('free_view_image', 'images/4693.jpg')])
55.6116 	DATA 	Keypress: space
55.6167 	EXP 	image: autoDraw = False
55.6167 	EXP 	image: image = 'images/4693.jpg'
55.6167 	EXP 	image: autoDraw = True
55.7926 	EXP 	New trial (rep=0, index=94): OrderedDict([('free_view_image', 'images/7950.jpg')])
55.8115 	DATA 	Keypress: space
55.8162 	EXP 	image: autoDraw = False
55.8162 	EXP 	image: image = 'images/7950.jpg'
55.8162 	EXP 	image: autoDraw = True
55.9223 	EXP 	New trial (rep=0, index=95): OrderedDict([('free_view_image', 'images/2190.jpg')])
55.9298 	DATA 	Keypress: space
55.9351 	EXP 	image: autoDraw = False
55.9351 	EXP 	image: image = 'images/2190.jpg'
55.9351 	EXP 	image: autoDraw = True
56.1251 	EXP 	New trial (rep=0, index=96): OrderedDict([('free_view_image', 'images/1812.jpg')])
56.1335 	DATA 	Keypress: space
56.1394 	EXP 	image: autoDraw = False
56.1394 	EXP 	image: image = 'images/1812.jpg'
56.1394 	EXP 	image: autoDraw = True
56.2688 	EXP 	New trial (rep=0, index=97): OrderedDict([('free_view_image', 'images/7050.jpg')])
56.2752 	DATA 	Keypress: space
56.2800 	EXP 	image: autoDraw = False
56.2800 	EXP 	image: image = 'images/7050.jpg'
56.2800 	EXP 	image: autoDraw = True
56.4197 	EXP 	New trial (rep=0, index=98): OrderedDict([('free_view_image', 'images/1303.jpg')])
56.4272 	DATA 	Keypress: space
56.4319 	EXP 	image: autoDraw = False
56.4319 	EXP 	image: image = 'images/1303.jpg'
56.4319 	EXP 	image: autoDraw = True
56.5425 	EXP 	New trial (rep=0, index=99): OrderedDict([('free_view_image', 'images/2377.jpg')])
56.5527 	DATA 	Keypress: space
56.5572 	EXP 	image: autoDraw = False
56.5572 	EXP 	image: image = 'images/2377.jpg'
56.5572 	EXP 	image: autoDraw = True
56.7094 	EXP 	New trial (rep=0, index=100): OrderedDict([('free_view_image', 'images/2120.jpg')])
56.7153 	DATA 	Keypress: space
56.7209 	EXP 	image: autoDraw = False
56.7209 	EXP 	image: image = 'images/2120.jpg'
56.7209 	EXP 	image: autoDraw = True
56.8698 	EXP 	New trial (rep=0, index=101): OrderedDict([('free_view_image', 'images/2312.jpg')])
56.8760 	DATA 	Keypress: space
56.8808 	EXP 	image: autoDraw = False
56.8808 	EXP 	image: image = 'images/2312.jpg'
56.8808 	EXP 	image: autoDraw = True
57.0588 	EXP 	New trial (rep=0, index=102): OrderedDict([('free_view_image', 'images/7014.jpg')])
57.0677 	DATA 	Keypress: space
57.0726 	EXP 	image: autoDraw = False
57.0726 	EXP 	image: image = 'images/7014.jpg'
57.0726 	EXP 	image: autoDraw = True
57.2097 	EXP 	New trial (rep=0, index=103): OrderedDict([('free_view_image', 'images/7006.jpg')])
57.2183 	DATA 	Keypress: space
57.2233 	EXP 	image: autoDraw = False
57.2233 	EXP 	image: image = 'images/7006.jpg'
57.2233 	EXP 	image: autoDraw = True
57.3596 	EXP 	New trial (rep=0, index=104): OrderedDict([('free_view_image', 'images/8192.jpg')])
57.3685 	DATA 	Keypress: space
57.3734 	EXP 	image: autoDraw = False
57.3734 	EXP 	image: image = 'images/8192.jpg'
57.3734 	EXP 	image: autoDraw = True
57.5031 	EXP 	New trial (rep=0, index=105): OrderedDict([('free_view_image', 'images/7361.jpg')])
57.5103 	DATA 	Keypress: space
57.5153 	EXP 	image: autoDraw = False
57.5153 	EXP 	image: image = 'images/7361.jpg'
57.5153 	EXP 	image: autoDraw = True
57.6591 	EXP 	New trial (rep=0, index=106): OrderedDict([('free_view_image', 'images/2153.jpg')])
57.6665 	DATA 	Keypress: space
57.6723 	EXP 	image: autoDraw = False
57.6723 	EXP 	image: image = 'images/2153.jpg'
57.6723 	EXP 	image: autoDraw = True
57.8264 	EXP 	New trial (rep=0, index=107): OrderedDict([('free_view_image', 'images/3017.jpg')])
57.8338 	DATA 	Keypress: space
57.8390 	EXP 	image: autoDraw = False
57.8390 	EXP 	image: image = 'images/3017.jpg'
57.8390 	EXP 	image: autoDraw = True
58.0035 	EXP 	New trial (rep=0, index=108): OrderedDict([('free_view_image', 'images/9332.jpg')])
58.0126 	DATA 	Keypress: space
58.0179 	EXP 	image: autoDraw = False
58.0179 	EXP 	image: image = 'images/9332.jpg'
58.0179 	EXP 	image: autoDraw = True
58.1698 	EXP 	New trial (rep=0, index=109): OrderedDict([('free_view_image', 'images/4604.jpg')])
58.1904 	DATA 	Keypress: space
58.1953 	EXP 	image: autoDraw = False
58.1953 	EXP 	image: image = 'images/4604.jpg'
58.1953 	EXP 	image: autoDraw = True
58.4032 	EXP 	New trial (rep=0, index=110): OrderedDict([('free_view_image', 'images/2980.jpg')])
58.4148 	DATA 	Keypress: space
58.4199 	EXP 	image: autoDraw = False
58.4199 	EXP 	image: image = 'images/2980.jpg'
58.4199 	EXP 	image: autoDraw = True
58.5430 	EXP 	New trial (rep=0, index=111): OrderedDict([('free_view_image', 'images/4220.jpg')])
58.5515 	DATA 	Keypress: space
58.5564 	EXP 	image: autoDraw = False
58.5564 	EXP 	image: image = 'images/4220.jpg'
58.5564 	EXP 	image: autoDraw = True
58.7229 	DATA 	Keypress: space
58.7290 	EXP 	New trial (rep=0, index=112): OrderedDict([('free_view_image', 'images/7010.jpg')])
58.7440 	EXP 	image: autoDraw = False
58.7440 	EXP 	image: image = 'images/7010.jpg'
58.7440 	EXP 	image: autoDraw = True
58.8689 	EXP 	New trial (rep=0, index=113): OrderedDict([('free_view_image', 'images/2458.jpg')])
58.8816 	DATA 	Keypress: space
58.8863 	EXP 	image: autoDraw = False
58.8863 	EXP 	image: image = 'images/2458.jpg'
58.8863 	EXP 	image: autoDraw = True
59.0258 	EXP 	New trial (rep=0, index=114): OrderedDict([('free_view_image', 'images/6550.jpg')])
59.0454 	DATA 	Keypress: space
59.0505 	EXP 	image: autoDraw = False
59.0505 	EXP 	image: image = 'images/6550.jpg'
59.0505 	EXP 	image: autoDraw = True
59.1187 	EXP 	New trial (rep=0, index=115): OrderedDict([('free_view_image', 'images/2489.jpg')])
59.1451 	DATA 	Keypress: space
59.1498 	EXP 	image: autoDraw = False
59.1498 	EXP 	image: image = 'images/2489.jpg'
59.1498 	EXP 	image: autoDraw = True
59.2855 	EXP 	New trial (rep=0, index=116): OrderedDict([('free_view_image', 'images/2850.jpg')])
59.2959 	DATA 	Keypress: space
59.3008 	EXP 	image: autoDraw = False
59.3008 	EXP 	image: image = 'images/2850.jpg'
59.3008 	EXP 	image: autoDraw = True
59.4520 	EXP 	New trial (rep=0, index=117): OrderedDict([('free_view_image', 'images/7057.jpg')])
59.4640 	DATA 	Keypress: space
59.4689 	EXP 	image: autoDraw = False
59.4689 	EXP 	image: image = 'images/7057.jpg'
59.4689 	EXP 	image: autoDraw = True
59.6409 	EXP 	New trial (rep=0, index=118): OrderedDict([('free_view_image', 'images/7004.jpg')])
59.6506 	DATA 	Keypress: space
59.6556 	EXP 	image: autoDraw = False
59.6556 	EXP 	image: image = 'images/7004.jpg'
59.6556 	EXP 	image: autoDraw = True
59.8260 	EXP 	New trial (rep=0, index=119): OrderedDict([('free_view_image', 'images/2273.jpg')])
59.8388 	DATA 	Keypress: space
59.8436 	EXP 	image: autoDraw = False
59.8436 	EXP 	image: image = 'images/2273.jpg'
59.8436 	EXP 	image: autoDraw = True
60.0093 	EXP 	New trial (rep=0, index=120): OrderedDict([('free_view_image', 'images/6350.jpg')])
60.0197 	DATA 	Keypress: space
60.0243 	EXP 	image: autoDraw = False
60.0243 	EXP 	image: image = 'images/6350.jpg'
60.0243 	EXP 	image: autoDraw = True
60.1933 	EXP 	New trial (rep=0, index=121): OrderedDict([('free_view_image', 'images/1271.jpg')])
60.2017 	DATA 	Keypress: space
60.2066 	EXP 	image: autoDraw = False
60.2066 	EXP 	image: image = 'images/1271.jpg'
60.2066 	EXP 	image: autoDraw = True
60.4597 	EXP 	New trial (rep=0, index=122): OrderedDict([('free_view_image', 'images/1080.jpg')])
60.4665 	DATA 	Keypress: space
60.4722 	EXP 	image: autoDraw = False
60.4722 	EXP 	image: image = 'images/1080.jpg'
60.4722 	EXP 	image: autoDraw = True
60.7204 	EXP 	New trial (rep=0, index=123): OrderedDict([('free_view_image', 'images/2870.jpg')])
60.7272 	DATA 	Keypress: space
60.7318 	EXP 	image: autoDraw = False
60.7318 	EXP 	image: image = 'images/2870.jpg'
60.7318 	EXP 	image: autoDraw = True
61.0034 	EXP 	New trial (rep=0, index=124): OrderedDict([('free_view_image', 'images/4668.jpg')])
61.0157 	DATA 	Keypress: space
61.0207 	EXP 	image: autoDraw = False
61.0207 	EXP 	image: image = 'images/4668.jpg'
61.0207 	EXP 	image: autoDraw = True
61.1701 	EXP 	New trial (rep=0, index=125): OrderedDict([('free_view_image', 'images/3301.jpg')])
61.1777 	DATA 	Keypress: space
61.1833 	EXP 	image: autoDraw = False
61.1833 	EXP 	image: image = 'images/3301.jpg'
61.1833 	EXP 	image: autoDraw = True
61.3365 	EXP 	New trial (rep=0, index=126): OrderedDict([('free_view_image', 'images/2045.jpg')])
61.3462 	DATA 	Keypress: space
61.3515 	EXP 	image: autoDraw = False
61.3515 	EXP 	image: image = 'images/2045.jpg'
61.3515 	EXP 	image: autoDraw = True
61.5032 	EXP 	New trial (rep=0, index=127): OrderedDict([('free_view_image', 'images/8475.jpg')])
61.5095 	DATA 	Keypress: space
61.5145 	EXP 	image: autoDraw = False
61.5145 	EXP 	image: image = 'images/8475.jpg'
61.5145 	EXP 	image: autoDraw = True
61.6762 	EXP 	New trial (rep=0, index=128): OrderedDict([('free_view_image', 'images/1022.jpg')])
61.6824 	DATA 	Keypress: space
61.6881 	EXP 	image: autoDraw = False
61.6881 	EXP 	image: image = 'images/1022.jpg'
61.6881 	EXP 	image: autoDraw = True
61.8540 	EXP 	New trial (rep=0, index=129): OrderedDict([('free_view_image', 'images/3211.jpg')])
61.8631 	DATA 	Keypress: space
61.8681 	EXP 	image: autoDraw = False
61.8681 	EXP 	image: image = 'images/3211.jpg'
61.8681 	EXP 	image: autoDraw = True
62.0273 	EXP 	New trial (rep=0, index=130): OrderedDict([('free_view_image', 'images/2270.jpg')])
62.0334 	DATA 	Keypress: space
62.0391 	EXP 	image: autoDraw = False
62.0391 	EXP 	image: image = 'images/2270.jpg'
62.0391 	EXP 	image: autoDraw = True
62.1873 	EXP 	New trial (rep=0, index=131): OrderedDict([('free_view_image', 'images/9210.jpg')])
62.1940 	DATA 	Keypress: space
62.1988 	EXP 	image: autoDraw = False
62.1988 	EXP 	image: image = 'images/9210.jpg'
62.1988 	EXP 	image: autoDraw = True
62.3608 	EXP 	New trial (rep=0, index=132): OrderedDict([('free_view_image', 'images/4008.jpg')])
62.3691 	DATA 	Keypress: space
62.3738 	EXP 	image: autoDraw = False
62.3738 	EXP 	image: image = 'images/4008.jpg'
62.3738 	EXP 	image: autoDraw = True
62.5370 	EXP 	New trial (rep=0, index=133): OrderedDict([('free_view_image', 'images/7100.jpg')])
62.5445 	DATA 	Keypress: space
62.5492 	EXP 	image: autoDraw = False
62.5492 	EXP 	image: image = 'images/7100.jpg'
62.5492 	EXP 	image: autoDraw = True
62.7076 	EXP 	New trial (rep=0, index=134): OrderedDict([('free_view_image', 'images/7185.jpg')])
62.7148 	DATA 	Keypress: space
62.7214 	EXP 	image: autoDraw = False
62.7214 	EXP 	image: image = 'images/7185.jpg'
62.7214 	EXP 	image: autoDraw = True
62.8922 	EXP 	New trial (rep=0, index=135): OrderedDict([('free_view_image', 'images/9260.jpg')])
62.8995 	DATA 	Keypress: space
62.9051 	EXP 	image: autoDraw = False
62.9051 	EXP 	image: image = 'images/9260.jpg'
62.9051 	EXP 	image: autoDraw = True
63.0758 	EXP 	New trial (rep=0, index=136): OrderedDict([('free_view_image', 'images/2593.jpg')])
63.0821 	DATA 	Keypress: space
63.0877 	EXP 	image: autoDraw = False
63.0877 	EXP 	image: image = 'images/2593.jpg'
63.0877 	EXP 	image: autoDraw = True
63.2688 	EXP 	New trial (rep=0, index=137): OrderedDict([('free_view_image', 'images/4651.jpg')])
63.2746 	DATA 	Keypress: space
63.2792 	EXP 	image: autoDraw = False
63.2792 	EXP 	image: image = 'images/4651.jpg'
63.2792 	EXP 	image: autoDraw = True
63.4539 	EXP 	New trial (rep=0, index=138): OrderedDict([('free_view_image', 'images/2512.jpg')])
63.4600 	DATA 	Keypress: space
63.4647 	EXP 	image: autoDraw = False
63.4647 	EXP 	image: image = 'images/2512.jpg'
63.4647 	EXP 	image: autoDraw = True
63.6249 	EXP 	New trial (rep=0, index=139): OrderedDict([('free_view_image', 'images/6230.jpg')])
63.6303 	DATA 	Keypress: space
63.6353 	EXP 	image: autoDraw = False
63.6353 	EXP 	image: image = 'images/6230.jpg'
63.6353 	EXP 	image: autoDraw = True
63.8420 	EXP 	New trial (rep=0, index=140): OrderedDict([('free_view_image', 'images/7140.jpg')])
63.8480 	DATA 	Keypress: space
63.8678 	EXP 	image: autoDraw = False
63.8678 	EXP 	image: image = 'images/7140.jpg'
63.8678 	EXP 	image: autoDraw = True
64.3869 	EXP 	New trial (rep=0, index=141): OrderedDict([('free_view_image', 'images/7187.jpg')])
64.3943 	DATA 	Keypress: space
64.3994 	EXP 	image: autoDraw = False
64.3994 	EXP 	image: image = 'images/7187.jpg'
64.3994 	EXP 	image: autoDraw = True
64.6702 	EXP 	New trial (rep=0, index=142): OrderedDict([('free_view_image', 'images/1026.jpg')])
64.6768 	DATA 	Keypress: space
64.6818 	EXP 	image: autoDraw = False
64.6818 	EXP 	image: image = 'images/1026.jpg'
64.6818 	EXP 	image: autoDraw = True
64.9422 	EXP 	New trial (rep=0, index=143): OrderedDict([('free_view_image', 'images/7360.jpg')])
64.9481 	DATA 	Keypress: space
64.9681 	EXP 	image: autoDraw = False
64.9681 	EXP 	image: image = 'images/7360.jpg'
64.9681 	EXP 	image: autoDraw = True
65.1755 	EXP 	New trial (rep=0, index=144): OrderedDict([('free_view_image', 'images/2102.jpg')])
65.1814 	DATA 	Keypress: space
65.2011 	EXP 	image: autoDraw = False
65.2011 	EXP 	image: image = 'images/2102.jpg'
65.2011 	EXP 	image: autoDraw = True
65.4092 	EXP 	New trial (rep=0, index=145): OrderedDict([('free_view_image', 'images/2320.jpg')])
65.4144 	DATA 	Keypress: space
65.4344 	EXP 	image: autoDraw = False
65.4344 	EXP 	image: image = 'images/2320.jpg'
65.4344 	EXP 	image: autoDraw = True
65.6417 	EXP 	New trial (rep=0, index=146): OrderedDict([('free_view_image', 'images/2235.jpg')])
65.6477 	DATA 	Keypress: space
65.6679 	EXP 	image: autoDraw = False
65.6679 	EXP 	image: image = 'images/2235.jpg'
65.6679 	EXP 	image: autoDraw = True
65.8697 	EXP 	New trial (rep=0, index=147): OrderedDict([('free_view_image', 'images/4649.jpg')])
65.8785 	DATA 	Keypress: space
65.8834 	EXP 	image: autoDraw = False
65.8834 	EXP 	image: image = 'images/4649.jpg'
65.8834 	EXP 	image: autoDraw = True
66.0928 	EXP 	New trial (rep=0, index=148): OrderedDict([('free_view_image', 'images/7031.jpg')])
66.1002 	DATA 	Keypress: space
66.1054 	EXP 	image: autoDraw = False
66.1054 	EXP 	image: image = 'images/7031.jpg'
66.1054 	EXP 	image: autoDraw = True
66.3428 	EXP 	New trial (rep=0, index=149): OrderedDict([('free_view_image', 'images/7513.jpg')])
66.3519 	DATA 	Keypress: space
66.3565 	EXP 	image: autoDraw = False
66.3565 	EXP 	image: image = 'images/7513.jpg'
66.3565 	EXP 	image: autoDraw = True
66.6031 	EXP 	New trial (rep=0, index=150): OrderedDict([('free_view_image', 'images/5920.jpg')])
66.6088 	DATA 	Keypress: space
66.6135 	EXP 	image: autoDraw = False
66.6135 	EXP 	image: image = 'images/5920.jpg'
66.6135 	EXP 	image: autoDraw = True
66.9033 	EXP 	New trial (rep=0, index=151): OrderedDict([('free_view_image', 'images/4669.jpg')])
66.9101 	DATA 	Keypress: space
66.9150 	EXP 	image: autoDraw = False
66.9150 	EXP 	image: image = 'images/4669.jpg'
66.9150 	EXP 	image: autoDraw = True
67.3205 	EXP 	New trial (rep=0, index=152): OrderedDict([('free_view_image', 'images/2491.jpg')])
67.3286 	DATA 	Keypress: space
67.3338 	EXP 	image: autoDraw = False
67.3338 	EXP 	image: image = 'images/2491.jpg'
67.3338 	EXP 	image: autoDraw = True
67.7700 	EXP 	New trial (rep=0, index=153): OrderedDict([('free_view_image', 'images/2800.jpg')])
67.7806 	DATA 	Keypress: space
67.7860 	EXP 	image: autoDraw = False
67.7860 	EXP 	image: image = 'images/2800.jpg'
67.7860 	EXP 	image: autoDraw = True
68.1205 	EXP 	New trial (rep=0, index=154): OrderedDict([('free_view_image', 'images/1321.jpg')])
68.1280 	DATA 	Keypress: space
68.1331 	EXP 	image: autoDraw = False
68.1331 	EXP 	image: image = 'images/1321.jpg'
68.1331 	EXP 	image: autoDraw = True
68.4756 	EXP 	New trial (rep=0, index=155): OrderedDict([('free_view_image', 'images/8160.jpg')])
68.4887 	DATA 	Keypress: space
68.4942 	EXP 	image: autoDraw = False
68.4942 	EXP 	image: image = 'images/8160.jpg'
68.4942 	EXP 	image: autoDraw = True
68.8366 	EXP 	New trial (rep=0, index=156): OrderedDict([('free_view_image', 'images/1931.jpg')])
68.8439 	DATA 	Keypress: space
68.8494 	EXP 	image: autoDraw = False
68.8494 	EXP 	image: image = 'images/1931.jpg'
68.8494 	EXP 	image: autoDraw = True
69.1542 	EXP 	New trial (rep=0, index=157): OrderedDict([('free_view_image', 'images/7025.jpg')])
69.1628 	DATA 	Keypress: space
69.1683 	EXP 	image: autoDraw = False
69.1683 	EXP 	image: image = 'images/7025.jpg'
69.1683 	EXP 	image: autoDraw = True
69.4598 	EXP 	New trial (rep=0, index=158): OrderedDict([('free_view_image', 'images/4007.jpg')])
69.4710 	DATA 	Keypress: space
69.4763 	EXP 	image: autoDraw = False
69.4763 	EXP 	image: image = 'images/4007.jpg'
69.4763 	EXP 	image: autoDraw = True
69.7433 	EXP 	New trial (rep=0, index=159): OrderedDict([('free_view_image', 'images/4601.jpg')])
69.7503 	DATA 	Keypress: space
69.7560 	EXP 	image: autoDraw = False
69.7560 	EXP 	image: image = 'images/4601.jpg'
69.7560 	EXP 	image: autoDraw = True
70.0258 	EXP 	New trial (rep=0, index=160): OrderedDict([('free_view_image', 'images/2900.2.jpg')])
70.0324 	DATA 	Keypress: space
70.0396 	EXP 	image: autoDraw = False
70.0396 	EXP 	image: image = 'images/2900.2.jpg'
70.0396 	EXP 	image: autoDraw = True
70.3036 	EXP 	New trial (rep=0, index=161): OrderedDict([('free_view_image', 'images/2570.jpg')])
70.3135 	DATA 	Keypress: space
70.3191 	EXP 	image: autoDraw = False
70.3191 	EXP 	image: image = 'images/2570.jpg'
70.3191 	EXP 	image: autoDraw = True
70.5706 	EXP 	New trial (rep=0, index=162): OrderedDict([('free_view_image', 'images/7041.jpg')])
70.5808 	DATA 	Keypress: space
70.5861 	EXP 	image: autoDraw = False
70.5861 	EXP 	image: image = 'images/7041.jpg'
70.5861 	EXP 	image: autoDraw = True
70.8369 	EXP 	New trial (rep=0, index=163): OrderedDict([('free_view_image', 'images/2493.jpg')])
70.8470 	DATA 	Keypress: space
70.8524 	EXP 	image: autoDraw = False
70.8524 	EXP 	image: image = 'images/2493.jpg'
70.8524 	EXP 	image: autoDraw = True
71.0762 	EXP 	New trial (rep=0, index=164): OrderedDict([('free_view_image', 'images/4180.jpg')])
71.0862 	DATA 	Keypress: space
71.0911 	EXP 	image: autoDraw = False
71.0911 	EXP 	image: image = 'images/4180.jpg'
71.0911 	EXP 	image: autoDraw = True
71.3035 	EXP 	New trial (rep=0, index=165): OrderedDict([('free_view_image', 'images/7020.jpg')])
71.3166 	DATA 	Keypress: space
71.3217 	EXP 	image: autoDraw = False
71.3217 	EXP 	image: image = 'images/7020.jpg'
71.3217 	EXP 	image: autoDraw = True
71.5373 	EXP 	New trial (rep=0, index=166): OrderedDict([('free_view_image', 'images/2530.jpg')])
71.5483 	DATA 	Keypress: space
71.5536 	EXP 	image: autoDraw = False
71.5536 	EXP 	image: image = 'images/2530.jpg'
71.5536 	EXP 	image: autoDraw = True
71.7431 	EXP 	New trial (rep=0, index=167): OrderedDict([('free_view_image', 'images/4692.jpg')])
71.7565 	DATA 	Keypress: space
71.7616 	EXP 	image: autoDraw = False
71.7616 	EXP 	image: image = 'images/4692.jpg'
71.7616 	EXP 	image: autoDraw = True
71.9706 	EXP 	New trial (rep=0, index=168): OrderedDict([('free_view_image', 'images/3061.jpg')])
71.9995 	DATA 	Keypress: space
72.0047 	EXP 	image: autoDraw = False
72.0047 	EXP 	image: image = 'images/3061.jpg'
72.0047 	EXP 	image: autoDraw = True
72.1697 	EXP 	New trial (rep=0, index=169): OrderedDict([('free_view_image', 'images/7040.jpg')])
72.1796 	DATA 	Keypress: space
72.1846 	EXP 	image: autoDraw = False
72.1846 	EXP 	image: image = 'images/7040.jpg'
72.1846 	EXP 	image: autoDraw = True
72.3867 	EXP 	New trial (rep=0, index=170): OrderedDict([('free_view_image', 'images/7300.jpg')])
72.4017 	DATA 	Keypress: space
72.4067 	EXP 	image: autoDraw = False
72.4067 	EXP 	image: image = 'images/7300.jpg'
72.4067 	EXP 	image: autoDraw = True
72.5764 	EXP 	New trial (rep=0, index=171): OrderedDict([('free_view_image', 'images/7640.jpg')])
72.5867 	DATA 	Keypress: space
72.5916 	EXP 	image: autoDraw = False
72.5916 	EXP 	image: image = 'images/7640.jpg'
72.5916 	EXP 	image: autoDraw = True
72.7934 	EXP 	New trial (rep=0, index=172): OrderedDict([('free_view_image', 'images/2215.jpg')])
72.8040 	DATA 	Keypress: space
72.8089 	EXP 	image: autoDraw = False
72.8089 	EXP 	image: image = 'images/2215.jpg'
72.8089 	EXP 	image: autoDraw = True
72.9869 	EXP 	New trial (rep=0, index=173): OrderedDict([('free_view_image', 'images/8191.jpg')])
72.9986 	DATA 	Keypress: space
73.0037 	EXP 	image: autoDraw = False
73.0037 	EXP 	image: image = 'images/8191.jpg'
73.0037 	EXP 	image: autoDraw = True
73.1873 	EXP 	New trial (rep=0, index=174): OrderedDict([('free_view_image', 'images/9295.jpg')])
73.2033 	DATA 	Keypress: space
73.2087 	EXP 	image: autoDraw = False
73.2087 	EXP 	image: image = 'images/9295.jpg'
73.2087 	EXP 	image: autoDraw = True
73.3923 	EXP 	New trial (rep=0, index=175): OrderedDict([('free_view_image', 'images/4490.jpg')])
73.4027 	DATA 	Keypress: space
73.4078 	EXP 	image: autoDraw = False
73.4078 	EXP 	image: image = 'images/4490.jpg'
73.4078 	EXP 	image: autoDraw = True
73.5938 	EXP 	New trial (rep=0, index=176): OrderedDict([('free_view_image', 'images/4210.jpg')])
73.6047 	DATA 	Keypress: space
73.6099 	EXP 	image: autoDraw = False
73.6099 	EXP 	image: image = 'images/4210.jpg'
73.6099 	EXP 	image: autoDraw = True
73.7871 	EXP 	New trial (rep=0, index=177): OrderedDict([('free_view_image', 'images/7032.jpg')])
73.8021 	DATA 	Keypress: space
73.8072 	EXP 	image: autoDraw = False
73.8072 	EXP 	image: image = 'images/7032.jpg'
73.8072 	EXP 	image: autoDraw = True
73.9771 	EXP 	New trial (rep=0, index=178): OrderedDict([('free_view_image', 'images/2890.jpg')])
73.9873 	DATA 	Keypress: space
73.9922 	EXP 	image: autoDraw = False
73.9922 	EXP 	image: image = 'images/2890.jpg'
73.9922 	EXP 	image: autoDraw = True
74.1874 	EXP 	New trial (rep=0, index=179): OrderedDict([('free_view_image', 'images/3302.jpg')])
74.1981 	DATA 	Keypress: space
74.2034 	EXP 	image: autoDraw = False
74.2034 	EXP 	image: image = 'images/3302.jpg'
74.2034 	EXP 	image: autoDraw = True
74.3926 	DATA 	Keypress: space
74.3981 	EXP 	image: autoDraw = False
74.3981 	EXP 	text_norm_4: autoDraw = True
74.6148 	EXP 	Imported block1_distractors.xlsx as conditions, 90 conditions, 2 params
74.6169 	EXP 	Created sequence: fullRandom, trialTypes=90, nReps=1, seed=None
74.6171 	EXP 	New trial (rep=0, index=0): {'distractors_blockOne': 'DistAOne/2312.jpg', 'Arousal': 'Neutral'}
74.6289 	DATA 	Keypress: space
74.6339 	EXP 	text_norm_4: autoDraw = False
74.6339 	EXP 	block1_ploygon: ori = 0.0
74.6339 	EXP 	distractor_block1: image = 'DistAOne/2312.jpg'
74.6339 	EXP 	blockone_label: height = 0.05
74.6339 	EXP 	blockone_label: height = 0.05
74.6339 	EXP 	blockone_label: height = 0.05
74.6339 	EXP 	blockone_label: text = 'Self'
74.6339 	EXP 	block1_fixation: autoDraw = True
75.0851 	EXP 	block1_ploygon: autoDraw = True
75.0851 	EXP 	distractor_block1: autoDraw = True
75.0851 	EXP 	blockone_label: autoDraw = True
75.1350 	EXP 	block1_fixation: autoDraw = False
76.8263 	EXP 	New trial (rep=0, index=1): {'distractors_blockOne': 'DistATwo/1820.jpg', 'Arousal': 'High'}
76.8380 	DATA 	Keypress: y
76.8427 	EXP 	block1_fixation: autoDraw = False
76.8427 	EXP 	block1_ploygon: autoDraw = False
76.8427 	EXP 	distractor_block1: autoDraw = False
76.8427 	EXP 	blockone_label: autoDraw = False
76.8427 	EXP 	block1_ploygon: ori = 0.0
76.8427 	EXP 	distractor_block1: image = 'DistATwo/1820.jpg'
76.8427 	EXP 	blockone_label: text = 'Self'
76.8427 	EXP 	block1_fixation: autoDraw = True
77.3287 	EXP 	block1_ploygon: autoDraw = True
77.3287 	EXP 	distractor_block1: autoDraw = True
77.3287 	EXP 	blockone_label: autoDraw = True
77.3393 	EXP 	block1_fixation: autoDraw = False
79.0365 	EXP 	New trial (rep=0, index=2): {'distractors_blockOne': 'DistAOne/2518.jpg', 'Arousal': 'Neutral'}
79.0446 	DATA 	Keypress: y
79.0495 	EXP 	block1_fixation: autoDraw = False
79.0495 	EXP 	block1_ploygon: autoDraw = False
79.0495 	EXP 	distractor_block1: autoDraw = False
79.0495 	EXP 	blockone_label: autoDraw = False
79.0495 	EXP 	block1_ploygon: ori = 0.0
79.0495 	EXP 	distractor_block1: image = 'DistAOne/2518.jpg'
79.0495 	EXP 	blockone_label: text = 'Self'
79.0495 	EXP 	block1_fixation: autoDraw = True
79.5347 	EXP 	block1_ploygon: autoDraw = True
79.5347 	EXP 	distractor_block1: autoDraw = True
79.5347 	EXP 	blockone_label: autoDraw = True
79.5439 	EXP 	block1_fixation: autoDraw = False
80.0927 	EXP 	New trial (rep=0, index=3): {'distractors_blockOne': 'DistAOne/2720.jpg', 'Arousal': 'Neutral'}
80.1006 	DATA 	Keypress: y
80.1059 	EXP 	block1_fixation: autoDraw = False
80.1059 	EXP 	block1_ploygon: autoDraw = False
80.1059 	EXP 	distractor_block1: autoDraw = False
80.1059 	EXP 	blockone_label: autoDraw = False
80.1059 	EXP 	block1_ploygon: ori = 0.0
80.1059 	EXP 	distractor_block1: image = 'DistAOne/2720.jpg'
80.1059 	EXP 	blockone_label: text = 'Self'
80.1059 	EXP 	block1_fixation: autoDraw = True
80.5954 	EXP 	block1_ploygon: autoDraw = True
80.5954 	EXP 	distractor_block1: autoDraw = True
80.5954 	EXP 	blockone_label: autoDraw = True
80.6063 	EXP 	block1_fixation: autoDraw = False
81.1267 	EXP 	New trial (rep=0, index=4): {'distractors_blockOne': 'DistATwo/4770.jpg', 'Arousal': 'High'}
81.1383 	DATA 	Keypress: y
81.1427 	EXP 	block1_fixation: autoDraw = False
81.1427 	EXP 	block1_ploygon: autoDraw = False
81.1427 	EXP 	distractor_block1: autoDraw = False
81.1427 	EXP 	blockone_label: autoDraw = False
81.1427 	EXP 	block1_ploygon: ori = 45.0
81.1427 	EXP 	distractor_block1: image = 'DistATwo/4770.jpg'
81.1427 	EXP 	blockone_label: height = 0.05
81.1427 	EXP 	blockone_label: height = 0.05
81.1427 	EXP 	blockone_label: height = 0.05
81.1427 	EXP 	blockone_label: text = 'Other'
81.1427 	EXP 	block1_fixation: autoDraw = True
81.6293 	EXP 	block1_ploygon: autoDraw = True
81.6293 	EXP 	distractor_block1: autoDraw = True
81.6293 	EXP 	blockone_label: autoDraw = True
81.6390 	EXP 	block1_fixation: autoDraw = False
82.8700 	EXP 	New trial (rep=0, index=5): {'distractors_blockOne': 'DistAOne/2104.jpg', 'Arousal': 'Neutral'}
82.8821 	DATA 	Keypress: y
82.8868 	EXP 	block1_fixation: autoDraw = False
82.8868 	EXP 	block1_ploygon: autoDraw = False
82.8868 	EXP 	distractor_block1: autoDraw = False
82.8868 	EXP 	blockone_label: autoDraw = False
82.8868 	EXP 	block1_ploygon: ori = 0.0
82.8868 	EXP 	distractor_block1: image = 'DistAOne/2104.jpg'
82.8868 	EXP 	blockone_label: height = 0.05
82.8868 	EXP 	blockone_label: height = 0.05
82.8868 	EXP 	blockone_label: height = 0.05
82.8868 	EXP 	blockone_label: text = 'Self'
82.8868 	EXP 	block1_fixation: autoDraw = True
83.3628 	EXP 	block1_ploygon: autoDraw = True
83.3628 	EXP 	distractor_block1: autoDraw = True
83.3628 	EXP 	blockone_label: autoDraw = True
83.3855 	EXP 	block1_fixation: autoDraw = False
84.0437 	EXP 	New trial (rep=0, index=6): {'distractors_blockOne': 'DistATwo/9926.jpg', 'Arousal': 'High'}
84.0516 	DATA 	Keypress: y
84.0569 	EXP 	block1_fixation: autoDraw = False
84.0569 	EXP 	block1_ploygon: autoDraw = False
84.0569 	EXP 	distractor_block1: autoDraw = False
84.0569 	EXP 	blockone_label: autoDraw = False
84.0569 	EXP 	block1_ploygon: ori = 45.0
84.0569 	EXP 	distractor_block1: image = 'DistATwo/9926.jpg'
84.0569 	EXP 	blockone_label: text = 'Self'
84.0569 	EXP 	block1_fixation: autoDraw = True
84.5454 	EXP 	block1_ploygon: autoDraw = True
84.5454 	EXP 	distractor_block1: autoDraw = True
84.5454 	EXP 	blockone_label: autoDraw = True
84.5559 	EXP 	block1_fixation: autoDraw = False
85.9533 	EXP 	New trial (rep=0, index=7): {'distractors_blockOne': 'DistATwo/1310.jpg', 'Arousal': 'High'}
85.9647 	DATA 	Keypress: n
85.9697 	EXP 	block1_fixation: autoDraw = False
85.9697 	EXP 	block1_ploygon: autoDraw = False
85.9697 	EXP 	distractor_block1: autoDraw = False
85.9697 	EXP 	blockone_label: autoDraw = False
85.9697 	EXP 	block1_ploygon: ori = 45.0
85.9697 	EXP 	distractor_block1: image = 'DistATwo/1310.jpg'
85.9697 	EXP 	blockone_label: height = 0.05
85.9697 	EXP 	blockone_label: height = 0.05
85.9697 	EXP 	blockone_label: height = 0.05
85.9697 	EXP 	blockone_label: text = 'Other'
85.9697 	EXP 	block1_fixation: autoDraw = True
86.4467 	EXP 	block1_ploygon: autoDraw = True
86.4467 	EXP 	distractor_block1: autoDraw = True
86.4467 	EXP 	blockone_label: autoDraw = True
86.4689 	EXP 	block1_fixation: autoDraw = False
90.3863 	EXP 	New trial (rep=0, index=8): {'distractors_blockOne': 'DistAOne/7041.jpg', 'Arousal': 'Neutral'}
90.3961 	DATA 	Keypress: n
90.4008 	EXP 	block1_fixation: autoDraw = False
90.4008 	EXP 	block1_ploygon: autoDraw = False
90.4008 	EXP 	distractor_block1: autoDraw = False
90.4008 	EXP 	blockone_label: autoDraw = False
90.4008 	EXP 	block1_ploygon: ori = 45.0
90.4008 	EXP 	distractor_block1: image = 'DistAOne/7041.jpg'
90.4008 	EXP 	blockone_label: height = 0.05
90.4008 	EXP 	blockone_label: height = 0.05
90.4008 	EXP 	blockone_label: height = 0.05
90.4008 	EXP 	blockone_label: text = 'Self'
90.4008 	EXP 	block1_fixation: autoDraw = True
90.8792 	EXP 	block1_ploygon: autoDraw = True
90.8792 	EXP 	distractor_block1: autoDraw = True
90.8792 	EXP 	blockone_label: autoDraw = True
90.9022 	EXP 	block1_fixation: autoDraw = False
91.6700 	EXP 	New trial (rep=0, index=9): {'distractors_blockOne': 'DistATwo/1931.jpg', 'Arousal': 'High'}
91.6769 	DATA 	Keypress: n
91.6816 	EXP 	block1_fixation: autoDraw = False
91.6816 	EXP 	block1_ploygon: autoDraw = False
91.6816 	EXP 	distractor_block1: autoDraw = False
91.6816 	EXP 	blockone_label: autoDraw = False
91.6816 	EXP 	block1_ploygon: ori = 0.0
91.6816 	EXP 	distractor_block1: image = 'DistATwo/1931.jpg'
91.6816 	EXP 	blockone_label: text = 'Self'
91.6816 	EXP 	block1_fixation: autoDraw = True
92.1627 	EXP 	block1_ploygon: autoDraw = True
92.1627 	EXP 	distractor_block1: autoDraw = True
92.1627 	EXP 	blockone_label: autoDraw = True
92.1856 	EXP 	block1_fixation: autoDraw = False
93.1196 	EXP 	New trial (rep=0, index=10): {'distractors_blockOne': 'DistATwo/4490.jpg', 'Arousal': 'High'}
93.1276 	DATA 	Keypress: y
93.1326 	EXP 	block1_fixation: autoDraw = False
93.1326 	EXP 	block1_ploygon: autoDraw = False
93.1326 	EXP 	distractor_block1: autoDraw = False
93.1326 	EXP 	blockone_label: autoDraw = False
93.1326 	EXP 	block1_ploygon: ori = 45.0
93.1326 	EXP 	distractor_block1: image = 'DistATwo/4490.jpg'
93.1326 	EXP 	blockone_label: text = 'Self'
93.1326 	EXP 	block1_fixation: autoDraw = True
93.6127 	EXP 	block1_ploygon: autoDraw = True
93.6127 	EXP 	distractor_block1: autoDraw = True
93.6127 	EXP 	blockone_label: autoDraw = True
93.6357 	EXP 	block1_fixation: autoDraw = False
94.5436 	EXP 	New trial (rep=0, index=11): {'distractors_blockOne': 'DistAOne/2153.jpg', 'Arousal': 'Neutral'}
94.5534 	DATA 	Keypress: n
94.5577 	EXP 	block1_fixation: autoDraw = False
94.5577 	EXP 	block1_ploygon: autoDraw = False
94.5577 	EXP 	distractor_block1: autoDraw = False
94.5577 	EXP 	blockone_label: autoDraw = False
94.5577 	EXP 	block1_ploygon: ori = 45.0
94.5577 	EXP 	distractor_block1: image = 'DistAOne/2153.jpg'
94.5577 	EXP 	blockone_label: height = 0.05
94.5577 	EXP 	blockone_label: height = 0.05
94.5577 	EXP 	blockone_label: height = 0.05
94.5577 	EXP 	blockone_label: text = 'Other'
94.5577 	EXP 	block1_fixation: autoDraw = True
95.0460 	EXP 	block1_ploygon: autoDraw = True
95.0460 	EXP 	distractor_block1: autoDraw = True
95.0460 	EXP 	blockone_label: autoDraw = True
95.0558 	EXP 	block1_fixation: autoDraw = False
96.0293 	DATA 	Keypress: y
96.0365 	EXP 	New trial (rep=0, index=12): {'distractors_blockOne': 'DistAOne/7950.jpg', 'Arousal': 'Neutral'}
96.0488 	EXP 	block1_fixation: autoDraw = False
96.0488 	EXP 	block1_ploygon: autoDraw = False
96.0488 	EXP 	distractor_block1: autoDraw = False
96.0488 	EXP 	blockone_label: autoDraw = False
96.0488 	EXP 	block1_ploygon: ori = 45.0
96.0488 	EXP 	distractor_block1: image = 'DistAOne/7950.jpg'
96.0488 	EXP 	blockone_label: height = 0.05
96.0488 	EXP 	blockone_label: height = 0.05
96.0488 	EXP 	blockone_label: height = 0.05
96.0488 	EXP 	blockone_label: text = 'Self'
96.0488 	EXP 	block1_fixation: autoDraw = True
96.5297 	EXP 	block1_ploygon: autoDraw = True
96.5297 	EXP 	distractor_block1: autoDraw = True
96.5297 	EXP 	blockone_label: autoDraw = True
96.5524 	EXP 	block1_fixation: autoDraw = False
97.0199 	EXP 	New trial (rep=0, index=13): {'distractors_blockOne': 'DistATwo/1026.jpg', 'Arousal': 'High'}
97.0283 	DATA 	Keypress: y
97.0324 	EXP 	block1_fixation: autoDraw = False
97.0324 	EXP 	block1_ploygon: autoDraw = False
97.0324 	EXP 	distractor_block1: autoDraw = False
97.0324 	EXP 	blockone_label: autoDraw = False
97.0324 	EXP 	block1_ploygon: ori = 45.0
97.0324 	EXP 	distractor_block1: image = 'DistATwo/1026.jpg'
97.0324 	EXP 	blockone_label: height = 0.05
97.0324 	EXP 	blockone_label: height = 0.05
97.0324 	EXP 	blockone_label: height = 0.05
97.0324 	EXP 	blockone_label: text = 'Other'
97.0324 	EXP 	block1_fixation: autoDraw = True
97.5129 	EXP 	block1_ploygon: autoDraw = True
97.5129 	EXP 	distractor_block1: autoDraw = True
97.5129 	EXP 	blockone_label: autoDraw = True
97.5355 	EXP 	block1_fixation: autoDraw = False
97.8446 	EXP 	New trial (rep=0, index=14): {'distractors_blockOne': 'DistATwo/5950.jpg', 'Arousal': 'High'}
97.8548 	DATA 	Keypress: n
97.8594 	EXP 	block1_fixation: autoDraw = False
97.8594 	EXP 	block1_ploygon: autoDraw = False
97.8594 	EXP 	distractor_block1: autoDraw = False
97.8594 	EXP 	blockone_label: autoDraw = False
97.8594 	EXP 	block1_ploygon: ori = 0.0
97.8594 	EXP 	distractor_block1: image = 'DistATwo/5950.jpg'
97.8594 	EXP 	blockone_label: height = 0.05
97.8594 	EXP 	blockone_label: height = 0.05
97.8594 	EXP 	blockone_label: height = 0.05
97.8594 	EXP 	blockone_label: text = 'Self'
97.8594 	EXP 	block1_fixation: autoDraw = True
98.3465 	EXP 	block1_ploygon: autoDraw = True
98.3465 	EXP 	distractor_block1: autoDraw = True
98.3465 	EXP 	blockone_label: autoDraw = True
98.3564 	EXP 	block1_fixation: autoDraw = False
98.4611 	EXP 	New trial (rep=0, index=15): {'distractors_blockOne': 'DistATwo/9295.jpg', 'Arousal': 'High'}
98.4737 	DATA 	Keypress: y
98.4787 	EXP 	block1_fixation: autoDraw = False
98.4787 	EXP 	block1_ploygon: autoDraw = False
98.4787 	EXP 	distractor_block1: autoDraw = False
98.4787 	EXP 	blockone_label: autoDraw = False
98.4787 	EXP 	block1_ploygon: ori = 0.0
98.4787 	EXP 	distractor_block1: image = 'DistATwo/9295.jpg'
98.4787 	EXP 	blockone_label: text = 'Self'
98.4787 	EXP 	block1_fixation: autoDraw = True
98.9630 	EXP 	block1_ploygon: autoDraw = True
98.9630 	EXP 	distractor_block1: autoDraw = True
98.9630 	EXP 	blockone_label: autoDraw = True
98.9730 	EXP 	block1_fixation: autoDraw = False
99.1105 	EXP 	New trial (rep=0, index=16): {'distractors_blockOne': 'DistAOne/2270.jpg', 'Arousal': 'Neutral'}
99.1210 	DATA 	Keypress: n
99.1254 	EXP 	block1_fixation: autoDraw = False
99.1254 	EXP 	block1_ploygon: autoDraw = False
99.1254 	EXP 	distractor_block1: autoDraw = False
99.1254 	EXP 	blockone_label: autoDraw = False
99.1254 	EXP 	block1_ploygon: ori = 45.0
99.1254 	EXP 	distractor_block1: image = 'DistAOne/2270.jpg'
99.1254 	EXP 	blockone_label: height = 0.05
99.1254 	EXP 	blockone_label: height = 0.05
99.1254 	EXP 	blockone_label: height = 0.05
99.1254 	EXP 	blockone_label: text = 'Other'
99.1254 	EXP 	block1_fixation: autoDraw = True
99.6132 	EXP 	block1_ploygon: autoDraw = True
99.6132 	EXP 	distractor_block1: autoDraw = True
99.6132 	EXP 	blockone_label: autoDraw = True
99.6230 	EXP 	block1_fixation: autoDraw = False
99.7771 	EXP 	New trial (rep=0, index=17): {'distractors_blockOne': 'DistATwo/4693.jpg', 'Arousal': 'High'}
99.7905 	DATA 	Keypress: y
99.7950 	EXP 	block1_fixation: autoDraw = False
99.7950 	EXP 	block1_ploygon: autoDraw = False
99.7950 	EXP 	distractor_block1: autoDraw = False
99.7950 	EXP 	blockone_label: autoDraw = False
99.7950 	EXP 	block1_ploygon: ori = 45.0
99.7950 	EXP 	distractor_block1: image = 'DistATwo/4693.jpg'
99.7950 	EXP 	blockone_label: height = 0.05
99.7950 	EXP 	blockone_label: height = 0.05
99.7950 	EXP 	blockone_label: height = 0.05
99.7950 	EXP 	blockone_label: text = 'Self'
99.7950 	EXP 	block1_fixation: autoDraw = True
100.2804 	EXP 	block1_ploygon: autoDraw = True
100.2804 	EXP 	distractor_block1: autoDraw = True
100.2804 	EXP 	blockone_label: autoDraw = True
100.2902 	EXP 	block1_fixation: autoDraw = False
106.0394 	DATA 	Mouse: Left button down, pos=(169,781)
106.1218 	DATA 	Mouse:  Left button up, pos=(169,781)
107.1860 	DATA 	Keypress: escape
107.1925 	EXP 	preliminary_experiment: status = STOPPED
107.2022 	EXP 	block1_ploygon: autoDraw = False
107.2022 	EXP 	distractor_block1: autoDraw = False
107.2022 	EXP 	blockone_label: autoDraw = False
107.2023 	EXP 	preliminary_experiment: status = STOPPED
107.2496 	EXP 	window1: mouseVisible = True
